[    0.000000] Linux version 4.15.0-212-generic (buildd@lcy02-amd64-083) (gcc version 7.5.0 (Ubuntu 7.5.0-3ubuntu1~18.04)) #223-Ubuntu SMP Tue May 23 13:09:22 UTC 2023 (Ubuntu 4.15.0-212.223-generic 4.15.18)
[    0.000000] Command line: BOOT_IMAGE=/boot/vmlinuz-4.15.0-212-generic root=LABEL=cloudimg-rootfs ro console=tty1 console=ttyS0
[    0.000000] KERNEL supported cpus:
[    0.000000]   Intel GenuineIntel
[    0.000000]   AMD AuthenticAMD
[    0.000000]   Centaur CentaurHauls
[    0.000000] x86/fpu: Supporting XSAVE feature 0x001: 'x87 floating point registers'
[    0.000000] x86/fpu: Supporting XSAVE feature 0x002: 'SSE registers'
[    0.000000] x86/fpu: Supporting XSAVE feature 0x004: 'AVX registers'
[    0.000000] x86/fpu: xstate_offset[2]:  576, xstate_sizes[2]:  256
[    0.000000] x86/fpu: Enabled xstate features 0x7, context size is 832 bytes, using 'standard' format.
[    0.000000] e820: BIOS-provided physical RAM map:
[    0.000000] BIOS-e820: [mem 0x0000000000000000-0x000000000009fbff] usable
[    0.000000] BIOS-e820: [mem 0x000000000009fc00-0x000000000009ffff] reserved
[    0.000000] BIOS-e820: [mem 0x00000000000f0000-0x00000000000fffff] reserved
[    0.000000] BIOS-e820: [mem 0x0000000000100000-0x000000003ffeffff] usable
[    0.000000] BIOS-e820: [mem 0x000000003fff0000-0x000000003fffffff] ACPI data
[    0.000000] BIOS-e820: [mem 0x00000000fec00000-0x00000000fec00fff] reserved
[    0.000000] BIOS-e820: [mem 0x00000000fee00000-0x00000000fee00fff] reserved
[    0.000000] BIOS-e820: [mem 0x00000000fffc0000-0x00000000ffffffff] reserved
[    0.000000] NX (Execute Disable) protection: active
[    0.000000] SMBIOS 2.5 present.
[    0.000000] DMI: innotek GmbH VirtualBox/VirtualBox, BIOS VirtualBox 12/01/2006
[    0.000000] Hypervisor detected: KVM
[    0.000000] e820: last_pfn = 0x3fff0 max_arch_pfn = 0x400000000
[    0.000000] MTRR: Disabled
[    0.000000] x86/PAT: MTRRs disabled, skipping PAT initialization too.
[    0.000000] CPU MTRRs all blank - virtualized system.
[    0.000000] x86/PAT: Configuration [0-7]: WB  WT  UC- UC  WB  WT  UC- UC  
[    0.000000] found SMP MP-table at [mem 0x0009fff0-0x0009ffff]
[    0.000000] Scanning 1 areas for low memory corruption
[    0.000000] RAMDISK: [mem 0x359cb000-0x36cdcfff]
[    0.000000] ACPI: Early table checksum verification disabled
[    0.000000] ACPI: RSDP 0x00000000000E0000 000024 (v02 VBOX  )
[    0.000000] ACPI: XSDT 0x000000003FFF0030 00003C (v01 VBOX   VBOXXSDT 00000001 ASL  00000061)
[    0.000000] ACPI: FACP 0x000000003FFF00F0 0000F4 (v04 VBOX   VBOXFACP 00000001 ASL  00000061)
[    0.000000] ACPI: DSDT 0x000000003FFF0470 002325 (v02 VBOX   VBOXBIOS 00000002 INTL 20200925)
[    0.000000] ACPI: FACS 0x000000003FFF0200 000040
[    0.000000] ACPI: FACS 0x000000003FFF0200 000040
[    0.000000] ACPI: APIC 0x000000003FFF0240 000054 (v02 VBOX   VBOXAPIC 00000001 ASL  00000061)
[    0.000000] ACPI: SSDT 0x000000003FFF02A0 0001CC (v01 VBOX   VBOXCPUT 00000002 INTL 20200925)
[    0.000000] ACPI: Reserving FACP table memory at [mem 0x3fff00f0-0x3fff01e3]
[    0.000000] ACPI: Reserving DSDT table memory at [mem 0x3fff0470-0x3fff2794]
[    0.000000] ACPI: Reserving FACS table memory at [mem 0x3fff0200-0x3fff023f]
[    0.000000] ACPI: Reserving FACS table memory at [mem 0x3fff0200-0x3fff023f]
[    0.000000] ACPI: Reserving APIC table memory at [mem 0x3fff0240-0x3fff0293]
[    0.000000] ACPI: Reserving SSDT table memory at [mem 0x3fff02a0-0x3fff046b]
[    0.000000] No NUMA configuration found
[    0.000000] Faking a node at [mem 0x0000000000000000-0x000000003ffeffff]
[    0.000000] NODE_DATA(0) allocated [mem 0x3ffc5000-0x3ffeffff]
[    0.000000] kvm-clock: cpu 0, msr 0:3ff44001, primary cpu clock
[    0.000000] kvm-clock: Using msrs 4b564d01 and 4b564d00
[    0.000000] kvm-clock: using sched offset of 5156640265 cycles
[    0.000000] clocksource: kvm-clock: mask: 0xffffffffffffffff max_cycles: 0x1cd42e4dffb, max_idle_ns: 881590591483 ns
[    0.000000] Zone ranges:
[    0.000000]   DMA      [mem 0x0000000000001000-0x0000000000ffffff]
[    0.000000]   DMA32    [mem 0x0000000001000000-0x000000003ffeffff]
[    0.000000]   Normal   empty
[    0.000000]   Device   empty
[    0.000000] Movable zone start for each node
[    0.000000] Early memory node ranges
[    0.000000]   node   0: [mem 0x0000000000001000-0x000000000009efff]
[    0.000000]   node   0: [mem 0x0000000000100000-0x000000003ffeffff]
[    0.000000] Reserved but unavailable: 104 pages
[    0.000000] Initmem setup node 0 [mem 0x0000000000001000-0x000000003ffeffff]
[    0.000000] ACPI: PM-Timer IO Port: 0x4008
[    0.000000] IOAPIC[0]: apic_id 1, version 32, address 0xfec00000, GSI 0-23
[    0.000000] ACPI: INT_SRC_OVR (bus 0 bus_irq 0 global_irq 2 dfl dfl)
[    0.000000] ACPI: INT_SRC_OVR (bus 0 bus_irq 9 global_irq 9 low level)
[    0.000000] Using ACPI (MADT) for SMP configuration information
[    0.000000] smpboot: Allowing 1 CPUs, 0 hotplug CPUs
[    0.000000] PM: Registered nosave memory: [mem 0x00000000-0x00000fff]
[    0.000000] PM: Registered nosave memory: [mem 0x0009f000-0x0009ffff]
[    0.000000] PM: Registered nosave memory: [mem 0x000a0000-0x000effff]
[    0.000000] PM: Registered nosave memory: [mem 0x000f0000-0x000fffff]
[    0.000000] e820: [mem 0x40000000-0xfebfffff] available for PCI devices
[    0.000000] Booting paravirtualized kernel on KVM
[    0.000000] clocksource: refined-jiffies: mask: 0xffffffff max_cycles: 0xffffffff, max_idle_ns: 7645519600211568 ns
[    0.000000] setup_percpu: NR_CPUS:8192 nr_cpumask_bits:1 nr_cpu_ids:1 nr_node_ids:1
[    0.000000] percpu: Embedded 50 pages/cpu s167936 r8192 d28672 u2097152
[    0.000000] PV qspinlock hash table entries: 256 (order: 0, 4096 bytes)
[    0.000000] Built 1 zonelists, mobility grouping on.  Total pages: 257913
[    0.000000] Policy zone: DMA32
[    0.000000] Kernel command line: BOOT_IMAGE=/boot/vmlinuz-4.15.0-212-generic root=LABEL=cloudimg-rootfs ro console=tty1 console=ttyS0
[    0.000000] Memory: 982844K/1048120K available (12300K kernel code, 2477K rwdata, 4324K rodata, 2480K init, 2720K bss, 65276K reserved, 0K cma-reserved)
[    0.000000] SLUB: HWalign=64, Order=0-3, MinObjects=0, CPUs=1, Nodes=1
[    0.000000] Kernel/User page tables isolation: enabled
[    0.000000] ftrace: allocating 39508 entries in 155 pages
[    0.004000] Hierarchical RCU implementation.
[    0.004000] 	RCU restricting CPUs from NR_CPUS=8192 to nr_cpu_ids=1.
[    0.004000] 	Tasks RCU enabled.
[    0.004000] RCU: Adjusting geometry for rcu_fanout_leaf=16, nr_cpu_ids=1
[    0.004000] NR_IRQS: 524544, nr_irqs: 256, preallocated irqs: 16
[    0.004000] random: crng init done
[    0.004000] Console: colour VGA+ 80x25
[    0.004000] console [tty1] enabled
[    0.004000] console [ttyS0] enabled
[    0.004000] ACPI: Core revision 20170831
[    0.004000] ACPI: 2 ACPI AML tables successfully acquired and loaded
[    0.004000] APIC: Switch to symmetric I/O mode setup
[    0.004000] x2apic enabled
[    0.004009] Switched APIC routing to physical x2apic.
[    0.008000] ..TIMER: vector=0x30 apic1=0 pin1=2 apic2=-1 pin2=-1
[    0.008002] tsc: Detected 2618.376 MHz processor
[    0.012008] Calibrating delay loop (skipped) preset value.. 5236.75 BogoMIPS (lpj=10473504)
[    0.016001] pid_max: default: 32768 minimum: 301
[    0.018435] Security Framework initialized
[    0.020002] Yama: becoming mindful.
[    0.021886] AppArmor: AppArmor initialized
[    0.024642] Dentry cache hash table entries: 131072 (order: 8, 1048576 bytes)
[    0.028042] Inode-cache hash table entries: 65536 (order: 7, 524288 bytes)
[    0.032009] Mount-cache hash table entries: 2048 (order: 2, 16384 bytes)
[    0.036003] Mountpoint-cache hash table entries: 2048 (order: 2, 16384 bytes)
[    0.040511] Last level iTLB entries: 4KB 0, 2MB 0, 4MB 0
[    0.043265] Last level dTLB entries: 4KB 0, 2MB 0, 4MB 0, 1GB 0
[    0.044008] Spectre V1 : Mitigation: usercopy/swapgs barriers and __user pointer sanitization
[    0.048005] Spectre V2 : Mitigation: Retpolines
[    0.052002] Spectre V2 : Spectre v2 / SpectreRSB mitigation: Filling RSB on context switch
[    0.056001] Spectre V2 : Spectre v2 / SpectreRSB : Filling RSB on VMEXIT
[    0.060008] Speculative Store Bypass: Vulnerable
[    0.064033] MDS: Vulnerable: Clear CPU buffers attempted, no microcode
[    0.072000] Freeing SMP alternatives memory: 36K
[    0.184159] smpboot: CPU0: 12th Gen Intel(R) Core(TM) i7-1255U (family: 0x6, model: 0x9a, stepping: 0x4)
[    0.188065] Performance Events: unsupported p6 CPU model 154 no PMU driver, software events only.
[    0.192036] Hierarchical SRCU implementation.
[    0.196147] NMI watchdog: Perf event create on CPU 0 failed with -2
[    0.199688] NMI watchdog: Perf NMI watchdog permanently disabled
[    0.200047] smp: Bringing up secondary CPUs ...
[    0.204004] smp: Brought up 1 node, 1 CPU
[    0.208003] smpboot: Max logical packages: 1
[    0.210411] smpboot: Total of 1 processors activated (5236.75 BogoMIPS)
[    0.212105] devtmpfs: initialized
[    0.216069] x86/mm: Memory block size: 128MB
[    0.220157] evm: security.selinux
[    0.224008] evm: security.SMACK64
[    0.226829] evm: security.SMACK64EXEC
[    0.228009] evm: security.SMACK64TRANSMUTE
[    0.232007] evm: security.SMACK64MMAP
[    0.234361] evm: security.apparmor
[    0.236006] evm: security.ima
[    0.240007] evm: security.capability
[    0.242472] clocksource: jiffies: mask: 0xffffffff max_cycles: 0xffffffff, max_idle_ns: 7645041785100000 ns
[    0.244020] futex hash table entries: 256 (order: 2, 16384 bytes)
[    0.248054] pinctrl core: initialized pinctrl subsystem
[    0.252172] RTC time: 15:01:22, date: 01/01/24
[    0.254948] NET: Registered protocol family 16
[    0.256049] audit: initializing netlink subsys (disabled)
[    0.260132] cpuidle: using governor ladder
[    0.264008] audit: type=2000 audit(1704121289.082:1): state=initialized audit_enabled=0 res=1
[    0.268008] cpuidle: using governor menu
[    0.272048] ACPI: bus type PCI registered
[    0.276003] acpiphp: ACPI Hot Plug PCI Controller Driver version: 0.5
[    0.280204] PCI: Using configuration type 1 for base access
[    0.284661] HugeTLB registered 2.00 MiB page size, pre-allocated 0 pages
[    0.292115] ACPI: Added _OSI(Module Device)
[    0.294693] ACPI: Added _OSI(Processor Device)
[    0.296009] ACPI: Added _OSI(3.0 _SCP Extensions)
[    0.300002] ACPI: Added _OSI(Processor Aggregator Device)
[    0.304020] ACPI: Added _OSI(Linux-Dell-Video)
[    0.308005] ACPI: Added _OSI(Linux-Lenovo-NV-HDMI-Audio)
[    0.311548] ACPI: Added _OSI(Linux-HPI-Hybrid-Graphics)
[    0.312622] ACPI: Executed 1 blocks of module-level executable AML code
[    0.321310] ACPI: Interpreter enabled
[    0.324014] ACPI: (supports S0 S5)
[    0.325926] ACPI: Using IOAPIC for interrupt routing
[    0.328188] PCI: Using host bridge windows from ACPI; if necessary, use "pci=nocrs" and report a bug
[    0.332270] ACPI: Enabled 2 GPEs in block 00 to 07
[    0.343499] ACPI: PCI Root Bridge [PCI0] (domain 0000 [bus 00-ff])
[    0.344005] acpi PNP0A03:00: _OSC: OS supports [ASPM ClockPM Segments MSI]
[    0.348329] acpi PNP0A03:00: _OSC: not requesting OS control; OS requires [ExtendedConfig ASPM ClockPM MSI]
[    0.352021] acpi PNP0A03:00: fail to add MMCONFIG information, can't access extended PCI configuration space under this bridge.
[    0.356662] PCI host bridge to bus 0000:00
[    0.358968] pci_bus 0000:00: root bus resource [io  0x0000-0x0cf7 window]
[    0.360002] pci_bus 0000:00: root bus resource [io  0x0d00-0xffff window]
[    0.364006] pci_bus 0000:00: root bus resource [mem 0x000a0000-0x000bffff window]
[    0.368001] pci_bus 0000:00: root bus resource [mem 0x40000000-0xfdffffff window]
[    0.372002] pci_bus 0000:00: root bus resource [bus 00-ff]
[    0.382994] pci 0000:00:01.1: legacy IDE quirk: reg 0x10: [io  0x01f0-0x01f7]
[    0.384002] pci 0000:00:01.1: legacy IDE quirk: reg 0x14: [io  0x03f6]
[    0.388001] pci 0000:00:01.1: legacy IDE quirk: reg 0x18: [io  0x0170-0x0177]
[    0.392001] pci 0000:00:01.1: legacy IDE quirk: reg 0x1c: [io  0x0376]
[    0.417386] pci 0000:00:07.0: quirk: [io  0x4000-0x403f] claimed by PIIX4 ACPI
[    0.420028] pci 0000:00:07.0: quirk: [io  0x4100-0x410f] claimed by PIIX4 SMB
[    0.436859] ACPI: PCI Interrupt Link [LNKA] (IRQs 5 9 10 *11)
[    0.440111] ACPI: PCI Interrupt Link [LNKB] (IRQs 5 9 *10 11)
[    0.444109] ACPI: PCI Interrupt Link [LNKC] (IRQs 5 *9 10 11)
[    0.447242] ACPI: PCI Interrupt Link [LNKD] (IRQs 5 9 10 *11)
[    0.448655] SCSI subsystem initialized
[    0.452257] pci 0000:00:02.0: vgaarb: setting as boot VGA device
[    0.455313] pci 0000:00:02.0: vgaarb: VGA device added: decodes=io+mem,owns=io+mem,locks=none
[    0.456002] pci 0000:00:02.0: vgaarb: bridge control possible
[    0.460001] vgaarb: loaded
[    0.464035] ACPI: bus type USB registered
[    0.466208] usbcore: registered new interface driver usbfs
[    0.468009] usbcore: registered new interface driver hub
[    0.472021] usbcore: registered new device driver usb
[    0.474874] EDAC MC: Ver: 3.0.0
[    0.476631] PCI: Using ACPI for IRQ routing
[    0.480742] NetLabel: Initializing
[    0.482600] NetLabel:  domain hash size = 128
[    0.484001] NetLabel:  protocols = UNLABELED CIPSOv4 CALIPSO
[    0.488042] NetLabel:  unlabeled traffic allowed by default
[    0.491183] clocksource: Switched to clocksource kvm-clock
[    0.498674] VFS: Disk quotas dquot_6.6.0
[    0.500828] VFS: Dquot-cache hash table entries: 512 (order 0, 4096 bytes)
[    0.504424] AppArmor: AppArmor Filesystem Enabled
[    0.507071] pnp: PnP ACPI init
[    0.510031] pnp: PnP ACPI: found 3 devices
[    0.517598] clocksource: acpi_pm: mask: 0xffffff max_cycles: 0xffffff, max_idle_ns: 2085701024 ns
[    0.522245] NET: Registered protocol family 2
[    0.524636] IP idents hash table entries: 16384 (order: 5, 131072 bytes)
[    0.528277] TCP established hash table entries: 8192 (order: 4, 65536 bytes)
[    0.531934] TCP bind hash table entries: 8192 (order: 5, 131072 bytes)
[    0.535312] TCP: Hash tables configured (established 8192 bind 8192)
[    0.539696] UDP hash table entries: 512 (order: 2, 16384 bytes)
[    0.542955] UDP-Lite hash table entries: 512 (order: 2, 16384 bytes)
[    0.546263] NET: Registered protocol family 1
[    0.548606] pci 0000:00:00.0: Limiting direct PCI/PCI transfers
[    0.551757] pci 0000:00:01.0: Activating ISA DMA hang workarounds
[    0.555044] pci 0000:00:02.0: Video device with shadowed ROM at [mem 0x000c0000-0x000dffff]
[    0.559741] Unpacking initramfs...
[    0.784158] Freeing initrd memory: 19528K
[    0.792137] clocksource: tsc: mask: 0xffffffffffffffff max_cycles: 0x25be0b73f65, max_idle_ns: 440795312151 ns
[    0.797627] platform rtc_cmos: registered platform RTC device (no PNP device found)
[    0.803344] Scanning for low memory corruption every 60 seconds
[    0.807009] Initialise system trusted keyrings
[    0.810389] Key type blacklist registered
[    0.812688] workingset: timestamp_bits=36 max_order=18 bucket_order=0
[    0.816828] zbud: loaded
[    0.818723] squashfs: version 4.0 (2009/01/31) Phillip Lougher
[    0.821995] fuse init (API version 7.26)
[    0.824929] Key type asymmetric registered
[    0.827314] Asymmetric key parser 'x509' registered
[    0.830115] Block layer SCSI generic (bsg) driver version 0.4 loaded (major 246)
[    0.834197] io scheduler noop registered
[    0.836723] io scheduler deadline registered
[    0.839533] io scheduler cfq registered (default)
[    0.842614] ACPI: AC Adapter [AC] (on-line)
[    0.845264] input: Power Button as /devices/LNXSYSTM:00/LNXPWRBN:00/input/input0
[    0.849299] ACPI: Power Button [PWRF]
[    0.851591] input: Sleep Button as /devices/LNXSYSTM:00/LNXSLPBN:00/input/input1
[    0.856288] ACPI: Sleep Button [SLPF]
[    0.858738] Serial: 8250/16550 driver, 32 ports, IRQ sharing enabled
[    0.890089] 00:02: ttyS0 at I/O 0x3f8 (irq = 4, base_baud = 115200) is a 16550A
[    0.894981] Linux agpgart interface v0.103
[    0.898458] loop: module loaded
[    0.902875] scsi host0: ata_piix
[    0.904960] scsi host1: ata_piix
[    0.906970] ata1: PATA max UDMA/33 cmd 0x1f0 ctl 0x3f6 bmdma 0xd000 irq 14
[    0.911485] ata2: PATA max UDMA/33 cmd 0x170 ctl 0x376 bmdma 0xd008 irq 15
[    0.917702] tun: Universal TUN/TAP device driver, 1.6
[    0.921461] PPP generic driver version 2.4.2
[    0.924025] ehci_hcd: USB 2.0 'Enhanced' Host Controller (EHCI) Driver
[    0.927655] ehci-pci: EHCI PCI platform driver
[    0.930170] ehci-platform: EHCI generic platform driver
[    0.933215] ohci_hcd: USB 1.1 'Open' Host Controller (OHCI) Driver
[    0.936381] ohci-pci: OHCI PCI platform driver
[    0.938803] ohci-platform: OHCI generic platform driver
[    0.941682] uhci_hcd: USB Universal Host Controller Interface driver
[    0.945080] i8042: PNP: PS/2 Controller [PNP0303:PS2K,PNP0f03:PS2M] at 0x60,0x64 irq 1,12
[    0.950259] serio: i8042 KBD port at 0x60,0x64 irq 1
[    0.953119] serio: i8042 AUX port at 0x60,0x64 irq 12
[    0.955786] mousedev: PS/2 mouse device common for all mice
[    0.959172] input: AT Translated Set 2 keyboard as /devices/platform/i8042/serio0/input/input2
[    0.964781] rtc_cmos rtc_cmos: rtc core: registered rtc_cmos as rtc0
[    0.969104] rtc_cmos rtc_cmos: alarms up to one day, 114 bytes nvram
[    0.972409] i2c /dev entries driver
[    0.974483] device-mapper: uevent: version 1.0.3
[    0.977204] device-mapper: ioctl: 4.37.0-ioctl (2017-09-20) initialised: dm-devel@redhat.com
[    0.981639] ledtrig-cpu: registered to indicate activity on CPUs
[    0.985119] NET: Registered protocol family 10
[    0.988921] Segment Routing with IPv6
[    0.991754] NET: Registered protocol family 17
[    0.994274] Key type dns_resolver registered
[    0.996741] mce: Using 0 MCE banks
[    0.998704] RAS: Correctable Errors collector initialized.
[    1.001691] sched_clock: Marking stable (1001646282, 0)->(1394624178, -392977896)
[    1.005939] registered taskstats version 1
[    1.008192] Loading compiled-in X.509 certificates
[    1.012412] Loaded X.509 cert 'Build time autogenerated kernel key: b5b26778eaa3ab3a4a6cee031137706e947d12ad'
[    1.018126] Loaded X.509 cert 'Canonical Ltd. Live Patch Signing: 14df34d1a87cf37625abec039ef2bf521249b969'
[    1.023598] Loaded X.509 cert 'Canonical Ltd. Kernel Module Signing: 88f752e560a1e0737e31163a466ad7b70a850c19'
[    1.028832] blacklist: Loading compiled-in revocation X.509 certificates
[    1.032367] Loaded X.509 cert 'Canonical Ltd. Secure Boot Signing: 61482aa2830d0ab2ad5af10b7250da9033ddcef0'
[    1.037510] Loaded X.509 cert 'Canonical Ltd. Secure Boot Signing (2017): 242ade75ac4a15e50d50c84b0d45ff3eae707a03'
[    1.042976] Loaded X.509 cert 'Canonical Ltd. Secure Boot Signing (ESM 2018): 365188c1d374d6b07c3c8f240f8ef722433d6a8b'
[    1.048584] Loaded X.509 cert 'Canonical Ltd. Secure Boot Signing (2019): c0746fd6c5da3ae827864651ad66ae47fe24b3e8'
[    1.054166] Loaded X.509 cert 'Canonical Ltd. Secure Boot Signing (2021 v1): a8d54bbb3825cfb94fa13c9f8a594a195c107b8d'
[    1.060999] Loaded X.509 cert 'Canonical Ltd. Secure Boot Signing (2021 v2): 4cf046892d6fd3c9a5b03f98d845f90851dc6a8c'
[    1.066695] Loaded X.509 cert 'Canonical Ltd. Secure Boot Signing (2021 v3): 100437bb6de6e469b581e61cd66bce3ef4ed53af'
[    1.072126] Loaded X.509 cert 'Canonical Ltd. Secure Boot Signing (Ubuntu Core 2019): c1d57b8f6b743f23ee41f4f7ee292f06eecadfb9'
[    1.109723] zswap: loaded using pool lzo/zbud
[    1.115061] Key type big_key registered
[    1.117320] Key type trusted registered
[    1.120481] Key type encrypted registered
[    1.122800] AppArmor: AppArmor sha1 policy hashing enabled
[    1.125930] ima: No TPM chip found, activating TPM-bypass! (rc=-19)
[    1.129258] ima: Allocated hash algorithm: sha1
[    1.131711] evm: HMAC attrs: 0x1
[    1.134197]   Magic number: 8:594:31
[    1.136359] rtc_cmos rtc_cmos: setting system clock to 2024-01-01 15:01:23 UTC (1704121283)
[    1.140836] BIOS EDD facility v0.16 2004-Jun-25, 0 devices found
[    1.144009] EDD information not available.
[    1.148219] Freeing unused kernel image memory: 2480K
[    1.156053] Write protecting the kernel read-only data: 20480k
[    1.160101] Freeing unused kernel image memory: 2008K
[    1.163500] Freeing unused kernel image memory: 1820K
[    1.169566] x86/mm: Checked W+X mappings: passed, no W+X pages found.
[    1.173078] x86/mm: Checking user space page tables
[    1.179655] x86/mm: Checked W+X mappings: passed, no W+X pages found.
Loading, please wait...
starting version 237
[    1.243063] e1000: Intel(R) PRO/1000 Network Driver - version 7.3.21-k8-NAPI
[    1.247005] e1000: Copyright (c) 1999-2006 Intel Corporation.
[    1.252471] Fusion MPT base driver 3.04.20
[    1.254748] Copyright (c) 1999-2008 LSI Corporation
[    1.271927] AVX2 version of gcm_enc/dec engaged.
[    1.275318] AES CTR mode by8 optimization enabled
[    1.286844] Fusion MPT SPI Host driver 3.04.20
[    1.472598] input: ImExPS/2 Generic Explorer Mouse as /devices/platform/i8042/serio1/input/input4
[    1.786267] e1000 0000:00:03.0 eth0: (PCI:33MHz:32-bit) 02:3b:7b:b7:3b:2d
[    1.790127] e1000 0000:00:03.0 eth0: Intel(R) PRO/1000 Network Connection
[    1.794656] mptbase: ioc0: Initiating bringup
[    1.892655] ioc0: LSI53C1030 A0: Capabilities={Initiator}
[    2.140095] scsi host2: ioc0: LSI53C1030 A0, FwRev=00000000h, Ports=1, MaxQ=256, IRQ=20
[    2.308862] scsi 2:0:0:0: Direct-Access     VBOX     HARDDISK         1.0  PQ: 0 ANSI: 5
[    2.315082] scsi target2:0:0: Beginning Domain Validation
[    2.320812] scsi target2:0:0: Domain Validation skipping write tests
[    2.325000] scsi target2:0:0: Ending Domain Validation
[    2.328307] scsi target2:0:0: asynchronous
[    2.331366] scsi 2:0:1:0: Direct-Access     VBOX     HARDDISK         1.0  PQ: 0 ANSI: 5
[    2.335836] scsi target2:0:1: Beginning Domain Validation
[    2.340524] scsi target2:0:1: Domain Validation skipping write tests
[    2.343742] scsi target2:0:1: Ending Domain Validation
[    2.346756] scsi target2:0:1: asynchronous
[    2.447201] sd 2:0:0:0: Attached scsi generic sg0 type 0
[    2.451816] sd 2:0:0:0: [sda] 83886080 512-byte logical blocks: (42.9 GB/40.0 GiB)
[    2.462231] sd 2:0:1:0: Attached scsi generic sg1 type 0
[    2.465790] sd 2:0:0:0: [sda] Write Protect is off
[    2.469252] sd 2:0:1:0: [sdb] 20480 512-byte logical blocks: (10.5 MB/10.0 MiB)
[    2.480025] sd 2:0:1:0: [sdb] Write Protect is off
[    2.483021] sd 2:0:0:0: [sda] Incomplete mode parameter data
[    2.487690] sd 2:0:0:0: [sda] Assuming drive cache: write through
[    2.499033] sd 2:0:1:0: [sdb] Incomplete mode parameter data
[    2.502892] sd 2:0:1:0: [sdb] Assuming drive cache: write through
[    2.638741]  sda: sda1
[    2.660230] sd 2:0:0:0: [sda] Attached SCSI disk
[    2.675333] sd 2:0:1:0: [sdb] Attached SCSI disk
[    2.882091] e1000 0000:00:08.0 eth1: (PCI:33MHz:32-bit) 08:00:27:3e:d6:b2
[    2.886377] e1000 0000:00:08.0 eth1: Intel(R) PRO/1000 Network Connection
[    2.891594] e1000 0000:00:08.0 enp0s8: renamed from eth1
[    3.010996] e1000 0000:00:03.0 enp0s3: renamed from eth0
Begin: Loading essential drivers ... [    5.004711] raid6: sse2x1   gen() 34957 MB/s
[    5.220459] raid6: sse2x1   xor() 39463 MB/s
[    5.699681] raid6: sse2x2   gen() 262464 MB/s
[    6.002599] raid6: sse2x2   xor() 24795 MB/s
[    7.000564] raid6: sse2x4   gen() 378520 MB/s
[    7.264130] raid6: sse2x4   xor() 43377 MB/s
[    7.391846] raid6: avx2x1   gen() 53253 MB/s
[    7.679389] raid6: avx2x1   xor() 140928 MB/s
[    7.998627] raid6: avx2x2   gen() 162023 MB/s
[    8.765035] raid6: avx2x2   xor() 189542 MB/s
[    8.996435] raid6: avx2x4   gen() 200167 MB/s
[    9.275906] raid6: avx2x4   xor() 68152 MB/s
[    9.278871] raid6: using algorithm sse2x4 gen() 378520 MB/s
[    9.281963] raid6: .... xor() 43377 MB/s, rmw enabled
[    9.284819] raid6: using avx2x2 recovery algorithm
[    9.288783] xor: automatically using best checksumming function   avx       
[    9.294076] async_tx: api initialized (async)
done.
Begin: Running /scripts/init-premount ... done.
Begin: Mounting root file system ... Begin: Running /scripts/local-top ... done.
Begin: Running /scripts/local-premount ... [    9.336330] Btrfs loaded, crc32c=crc32c-intel
Scanning for Btrfs filesystems
done.
Warning: fsck not present, so skipping root file system
[    9.470966] EXT4-fs (sda1): mounted filesystem with ordered data mode. Opts: (null)
done.
Begin: Running /scripts/local-bottom ... done.
Begin: Running /scripts/init-bottom ... done.
[   10.113385] ip_tables: (C) 2000-2006 Netfilter Core Team
[   10.169025] systemd[1]: systemd 237 running in system mode. (+PAM +AUDIT +SELINUX +IMA +APPARMOR +SMACK +SYSVINIT +UTMP +LIBCRYPTSETUP +GCRYPT +GNUTLS +ACL +XZ +LZ4 +SECCOMP +BLKID +ELFUTILS +KMOD -IDN2 +IDN -PCRE2 default-hierarchy=hybrid)
[   10.184244] systemd[1]: Detected virtualization oracle.
[   10.187096] systemd[1]: Detected architecture x86-64.

Welcome to [1mUbuntu 18.04.6 LTS[0m!

[   10.204077] systemd[1]: Set hostname to <ubuntu>.
[   10.233067] systemd[1]: Initializing machine ID from random generator.
[   10.237709] systemd[1]: Installed transient /etc/machine-id file.
[   10.870780] systemd[1]: Reached target Swap.
[[0;32m  OK  [0m] Reached target Swap.
[   10.875227] systemd[1]: Reached target Mounting snaps.
[[0;32m  OK  [0m] Reached target Mounting snaps.
[   10.879758] systemd[1]: Reached target System Time Synchronized.
[[0;32m  OK  [0m] Reached target System Time Synchronized.
[   10.896508] systemd[1]: Started Forward Password Requests to Wall Directory Watch.
[[0;32m  OK  [0m] Started Forward Password Requests to Wall Directory Watch.
[[0;32m  OK  [0m] Created slice User and Session Slice.
[[0;32m  OK  [0m] Reached target Mounted snaps.
[[0;32m  OK  [0m] Set up automount Arbitrary Executab…rmats File System Automount Point.
[[0;32m  OK  [0m] Reached target User and Group Name Lookups.
[[0;32m  OK  [0m] Created slice System Slice.
[[0;32m  OK  [0m] Listening on Journal Socket.
         Starting Set the console keyboard layout...
         Starting Create list of required st…ce nodes for the current kernel...
[[0;32m  OK  [0m] Listening on /dev/initctl Compatibility Named Pipe.
         Mounting Kernel Debug File System...
         Starting Uncomplicated firewall...
[[0;32m  OK  [0m] Listening on Network Service Netlink Socket.
         Starting Load Kernel Modules...
[[0;32m  OK  [0m] Listening on LVM2 metadata daemon socket.
         Mounting POSIX Message Queue File System...
[[0;32m  OK  [0m] Listening on udev Kernel Socket.
[[0;32m  OK  [0m] Listening on Journal Audit Socket.
[[0;32m  OK  [0m] Created slice system-serial\x2dgetty.slice.
[[0;32m  OK  [0m] Listening on fsck to fsckd communication Socket.
         Starting File System Check on Root Device...
[[0;32m  OK  [0m] Listening on LVM2 poll daemon socket.
[[0;32m  OK  [0m] Reached target Slices.
[[0;32m  OK  [0m] Listening on Device-mapper event daemon FIFOs.
[   11.005896] Loading iSCSI transport class v2.0-870.
         Starting Monitoring of LVM2 mirrors…ng dmeventd or progress polling...
[[0;32m  OK  [0m] Listening on Syslog Socket.
         Mounting Huge Pages File System...
[[0;32m  OK  [0m] Listening on Journal Socket (/dev/log).[   11.023190] iscsi: registered transport (tcp)

         Starting Journal Service...
[[0;32m  OK  [0m] Listening on udev Control Socket.
         Starting udev Coldplug all Devices...
[[0;32m  OK  [0m] Started Create list of required sta…vice nodes for the current kernel.
[[0;32m  OK  [0m] Mounted Kernel Debug File System.
[[0;32m  OK  [0m] Started Uncomplicated firewall.
[[0;32m  OK  [0m] Mounted POSIX Message Queue File System.
[[0;32m  OK  [0m] Mounted Huge Pages File System.
         Starting Create Static Device Nodes in /dev...
[[0;32m  OK  [0m] Started File System Check Daemon to report status.
[[0;32m  OK  [0m] Started Journal Service.
[[0;32m  OK  [0m] Started udev Coldplug all Devices.
[[0;32m  OK  [0m] Started File System Check on Root Device.
         Starting Remount Root and Kernel File Systems...
[   11.267981] iscsi: registered transport (iser)
[[0;32m  OK  [0m] Started Load Kernel Modules.
         Mounting FUSE Control File System...
         Mounting Kernel Configuration File System...
         Starting Apply Kernel Variables...
[[0;32m  OK  [0m] Mounted FUSE Control File System.
[[0;32m  OK  [0m] Mounted Kernel Configuration File System.
[[0;32m  OK  [0m] Started LVM2 metadata daemon.
[[0;32m  OK  [0m] Started Remount Root and Kernel File Systems.
         Starting Flush Journal to Persistent Storage...
         Starting Load/Save Random Seed...
[[0;32m  OK  [0m] Started Monitoring of LVM2 mirrors,…sing dmeventd or progress polling.
[[0;32m  OK  [0m] Started Create Static Device Nodes in /dev.
[[0;32m  OK  [0m] Started Apply Kernel Variables.
         Starting udev Kernel Device Manager...
[[0;32m  OK  [0m] Started Load/Save Random Seed.
[[0;32m  OK  [0m] Started Flush Journal to Persistent Storage.
[[0;32m  OK  [0m] Started udev Kernel Device Manager.
[[0;32m  OK  [0m] Found device /dev/ttyS0.
[[0;32m  OK  [0m] Listening on Load/Save RF Kill Switch Status /dev/rfkill Watch.
[[0;32m  OK  [0m] Started Set the console keyboard layout.
[[0;32m  OK  [0m] Reached target Local File Systems (Pre).
[[0;32m  OK  [0m] Reached target Local File Systems.
         Starting Commit a transient machine-id on disk...
         Starting Set console font and keymap...
         Starting Tell Plymouth To Write Out Runtime Data...
         Starting ebtables ruleset management...
         Starting AppArmor initialization...
         Starting Create Volatile Files and Directories...
[[0;32m  OK  [0m] Started Dispatch Password Requests to Console Directory Watch.
[[0;32m  OK  [0m] Reached target Local Encrypted Volumes.
[[0;32m  OK  [0m] Started Tell Plymouth To Write Out Runtime Data.
[[0;32m  OK  [0m] Started Commit a transient machine-id on disk.
[[0;32m  OK  [0m] Started Create Volatile Files and Directories.
         Starting Update UTMP about System Boot/Shutdown...
[[0;32m  OK  [0m] Started Update UTMP about System Boot/Shutdown.
         Mounting Arbitrary Executable File Formats File System...
[[0;32m  OK  [0m] Mounted Arbitrary Executable File Formats File System.
[[0;32m  OK  [0m] Started ebtables ruleset management.
[[0;32m  OK  [0m] Started Set console font and keymap.
[[0;32m  OK  [0m] Started AppArmor initialization.
         Starting Load AppArmor profiles managed internally by snapd...
         Starting Initial cloud-init job (pre-networking)...
[[0;32m  OK  [0m] Started Load AppArmor profiles managed internally by snapd.
[   17.139766] cloud-init[800]: Cloud-init v. 23.1.2-0ubuntu0~18.04.1 running 'init-local' at Mon, 01 Jan 2024 15:01:39 +0000. Up 16.81 seconds.
[[0;32m  OK  [0m] Started Initial cloud-init job (pre-networking).
[[0;32m  OK  [0m] Reached target Network (Pre).
         Starting Network Service...
[[0;32m  OK  [0m] Started Network Service.
         Starting Wait for Network to be Configured...
         Starting Network Name Resolution...
[[0;32m  OK  [0m] Started Network Name Resolution.
[[0;32m  OK  [0m] Reached target Network.
[[0;32m  OK  [0m] Reached target Host and Network Name Lookups.
[[0;32m  OK  [0m] Started Wait for Network to be Configured.
         Starting Initial cloud-init job (metadata service crawler)...
[   18.769756] cloud-init[939]: Cloud-init v. 23.1.2-0ubuntu0~18.04.1 running 'init' at Mon, 01 Jan 2024 15:01:40 +0000. Up 18.69 seconds.
[   18.772609] cloud-init[939]: ci-info: ++++++++++++++++++++++++++++++++++++++Net device info+++++++++++++++++++++++++++++++++++++++
[   18.780027] cloud-init[939]: ci-info: +--------+-------+----------------------------+---------------+--------+-------------------+
[   18.788952] cloud-init[939]: ci-info: | Device |   Up  |          Address           |      Mask     | Scope  |     Hw-Address    |
[   18.798002] cloud-init[939]: ci-info: +--------+-------+----------------------------+---------------+--------+-------------------+
[   18.807130] cloud-init[939]: ci-info: | enp0s3 |  True |         10.0.2.15          | 255.255.255.0 | global | 02:3b:7b:b7:3b:2d |
[   18.815305] cloud-init[939]: ci-info: | enp0s3 |  True | fe80::3b:7bff:feb7:3b2d/64 |       .       |  link  | 02:3b:7b:b7:3b:2d |
[   18.823218] cloud-init[939]: ci-info: | enp0s8 | False |             .              |       .       |   .    | 08:00:27:3e:d6:b2 |
[   18.832241] cloud-init[939]: ci-info: |   lo   |  True |         127.0.0.1          |   255.0.0.0   |  host  |         .         |
[   18.836789] cloud-init[939]: ci-info: |   lo   |  True |          ::1/128           |       .       |  host  |         .         |
[   18.841413] cloud-init[939]: ci-info: +--------+-------+----------------------------+---------------+--------+-------------------+
[   18.846867] cloud-init[939]: ci-info: ++++++++++++++++++++++++++++Route IPv4 info+++++++++++++++++++++++++++++
[   18.854726] cloud-init[939]: ci-info: +-------+-------------+----------+-----------------+-----------+-------+
[   18.859177] cloud-init[939]: ci-info: | Route | Destination | Gateway  |     Genmask     | Interface | Flags |
[   18.872136] cloud-init[939]: ci-info: +-------+-------------+----------+-----------------+-----------+-------+
[   18.884325] cloud-init[939]: ci-info: |   0   |   0.0.0.0   | 10.0.2.2 |     0.0.0.0     |   enp0s3  |   UG  |
[   18.892589] cloud-init[939]: ci-info: |   1   |   10.0.2.0  | 0.0.0.0  |  255.255.255.0  |   enp0s3  |   U   |
[   18.900196] cloud-init[939]: ci-info: |   2   |   10.0.2.2  | 0.0.0.0  | 255.255.255.255 |   enp0s3  |   UH  |
[   18.904553] cloud-init[939]: ci-info: +-------+-------------+----------+-----------------+-----------+-------+
[   18.908844] cloud-init[939]: ci-info: +++++++++++++++++++Route IPv6 info+++++++++++++++++++
[   18.912458] cloud-init[939]: ci-info: +-------+-------------+---------+-----------+-------+
[   18.916211] cloud-init[939]: ci-info: | Route | Destination | Gateway | Interface | Flags |
[   18.919801] cloud-init[939]: ci-info: +-------+-------------+---------+-----------+-------+
[   18.923673] cloud-init[939]: ci-info: |   1   |  fe80::/64  |    ::   |   enp0s3  |   U   |
[   18.927373] cloud-init[939]: ci-info: |   3   |    local    |    ::   |   enp0s3  |   U   |
[   18.931117] cloud-init[939]: ci-info: |   4   |   ff00::/8  |    ::   |   enp0s3  |   U   |
[   18.934391] cloud-init[939]: ci-info: +-------+-------------+---------+-----------+-------+
[   20.394162] cloud-init[939]: Generating public/private rsa key pair.
[   20.397111] cloud-init[939]: Your identification has been saved in /etc/ssh/ssh_host_rsa_key.
[   20.429162] cloud-init[939]: Your public key has been saved in /etc/ssh/ssh_host_rsa_key.pub.
[   20.431033] cloud-init[939]: The key fingerprint is:
[   20.433245] cloud-init[939]: SHA256:yDGGErDyKCjt5W9eS+Vrye0XIYnWp6hok8c7yUuZ0R4 root@ubuntu-bionic[[0;32m  OK  [0m] Started Initial cloud-init job (metadata service crawler).
[
[   20.440645] cloud-init[939]: The key's randomart image is:
[   20.443184] cloud-init[0;32m  OK  [0m] Reached target Cloud-config availability.
[[0;32m  OK  [0m] Reached target System Initialization.[939]: +---[RSA 2048]----+
[   20.450254] cloud-init[939]: |...              |

[   20.452861] cloud-init[939]: | . . .           |
[   20.454844] cloud-init[939]: |o . . +    o .   |         Starting LXD - unix socket.
[[0;32m  OK  [0m] Listening on UUID daemon activation socket.
[[0;32m  OK  [0m] Listening on D-Bus System Message Bus Socket.
[   20.469257] cloud-init[939]: |o+ . o + .o + o  |
[   20.471411] cloud-init
[[0;32m  OK  [0m] Started Discard unused blocks once a week.
[[0;32m  OK  [0m[939]: ] Started Daily Cleanup of Temporary Directories.
|= o . o S.E. + . |
[   20.483894] cloud-init[[0;32m  OK  [0m] Started ACPI Events Check.
[[939]: |o. o     B... .  |
[   20.489577] cloud-init[939]: |  . .  =*+oo   . |
[   20.491821] [0;32m  OK  [0m] Listening on ACPID Listen Socket.
         Starting Socket activation for snappy daemon.cloud-init[939]: |     .*+B.+.. .  |
[   20.498073] cloud-init[939]: |     +oo+=....   |
[   20.498345] cloud-init[939]: +----[SHA256]-----+

[[0;32m  OK  [0m] Listening on Open-iSCSI iscsid Socket.
[[0;32m  OK  [0m] Reached target Paths.
[[0;32m  OK  [0m] Started Message of the Day.[   20.498605] cloud-init[939]: Generating public/private dsa key pair.
[   20.511752] 
[[0;32m  OK  [0m] Started Daily apt download activities.
[[0;32m  OK  [0mcloud-init[939]: Your identification has been saved in /etc/ssh/ssh_host_dsa_key.
[   20.519329] cloud-init[939]: Your public key has been saved in /etc/ssh/ssh_host_dsa_key.pub.
] Started Ubuntu Advantage Timer for running repeated jobs.
[[0;32m  OK  [0m] Listening on cloud-init hotplug hook socket.
[   20.520077] cloud-init[939]: The key fingerprint is:
[[0;32m  OK  [0m] Started Daily apt upgrade and clean activities.[   20.532297] cloud-init[939]: SHA256:PcLiMvBz7990bwSe9I9VE4IM2ZtUdiW3ppF0SuELGpQ root@ubuntu-bionic

[[0;32m  OK  [0m] Reached target Timers.
[[0;32m  OK  [0m] Reached target Network is Online.[   20.540264] cloud-init[939]: The key's randomart image is:
[   20.540304] cloud-init[939]: +---[DSA 1024]----+
[   20.540325] cloud-init[939]: |         o* o*oo+|
[   20.540347] cloud-init[939]: |        .E ==.=+.|
[   20.540582] cloud-init[939]: |         ...o=.o.|
[   20.544369] cloud-init[939]: |       . .oo. B..|
[   20.544901] cloud-init[939]: |  .   . S.o  = +o|

[   20.549354] cloud-init         Starting Availability of block devices...
[[0;32m  OK  [0m] Reached target Remote File Systems (Pre).
[[0;32m  OK  [0m] Reached target Remote File Systems.
[[0;32m  OK  [0m] Listening on LXD - unix socket.
[939]: |   o . . . .  o +|
[   20.567032] cloud-init[939]: [[0;32m  OK  [0m] Listening on Socket activation for snappy daemon.|    = o     . .+.|
[[0;32m  OK  [0m] Started Availability of block devices.
[[0;32m  OK  [0m
[   20.576905] cloud-init[939]: |     = .   o ...o|
[   20.579196] cloud-init] Reached target Sockets.
[[0;32m  OK  [0m] Reached target Basic System.
[939]: |       .o.. .  ..|
[   20.586814] cloud-init[939]: [[0;32m  OK  [0m] Started Deferred execution scheduler.
         Starting Virtualbox guest utils...
[[0;32m  OK  [0m+----[SHA256]-----+
[   20.599196] cloud-init] Reached target Login Prompts (Pre).
[939]: Generating public/private ecdsa key pair.
[   20.610266] cloud-init[939]: Your identification has been saved in /etc/ssh/ssh_host_ecdsa_key.
[   20.617407] cloud-init[939]: Your public key has been saved in /etc/ssh/ssh_host_ecdsa_key.pub.
[   20.622238] cloud-init[939]: The key fingerprint is:
[   20.628938] cloud-init[939]: SHA256:MLaXaWYAN9h5mBKDzYMoS0xjgLaYtLQ36NusZeoaU84 root@ubuntu-bionic
[   20.632901] cloud-init[939]: The key's randomart image is:
[   20.635490] cloud-init[939]: +---[ECDSA 256]---+
[   20.637800] cloud-init[939]: |*= =++o+         |
[   20.640101] cloud-init[939]: |=*+ *+=..        |
[   20.642398] cloud-init[939]: |Bo=  o=.         |
[   20.645383] cloud-init[939]: |+= o . = o       |
[   20.647692] cloud-init[939]: |. o . . S        |
[   20.649961] cloud-init[939]: | =     =         |
[   20.652307] cloud-init[939]:          Starting Pollinate to seed the pseudo random number generator...
         Starting Accounts Service...
|o Eo             |
[   20.676229] cloud-init[939]: | ++o             |
[   20.683568] [[0;32m  OK  [0m] Started D-Bus System Message Bus.cloud-init
[939]: |++.              |
[   20.697032] cloud-init[939]: +----[SHA256]-----+
[   20.703403] cloud-init[939]: Generating public/private ed25519 key pair.
[   20.709826] cloud-init[939]: Your identification has been saved in /etc/ssh/ssh_host_ed25519_key.
[   20.718819] cloud-init[939]: Your public key has been saved in /etc/ssh/ssh_host_ed25519_key.pub.
[   20.736446] cloud-init[939]: The key fingerprint is:
[   20.738271] cloud-init[939]: SHA256:Lo17xdt9iIo1OreaDG9ZiXCmATdZozs+234RoficQnY root@ubuntu-bionic
[   20.741642] cloud-init[939]: The key's randomart image is:
[   20.743872] cloud-init[939]: +--[ED25519 256]--+
[   20.746790] cloud-init[939]: |       oo        |
[   20.748355] cloud-init[939]: |    . +. ..      |
[   20.749951] cloud-init[939]: |     o.o . .     |
[   20.751934] cloud-init[939]: |      *.E .      |
[   20.764236] cloud-init[939]: |     ooXS+ o     |
[   20.765694] cloud-init[939]: |     .o== *      |
[   20.767250] cloud-init[939]: |      *.o+o+ o . |
[   20.772220] cloud-init[939]: |       X==+.o o .|
[   20.775840] cloud-init[939]: |      o+X=oo   . |
[   20.778718] cloud-init[939]: +----[SHA256]-----+
[[0;32m  OK  [0m] Started FUSE filesystem for LXC.
         Starting Dispatcher daemon for systemd-networkd...
         Starting LSB: automatic crash report generation...
         Starting Login Service...
         Starting Snap Daemon...
[[0;32m  OK  [0m] Started Regular background program processing daemon.
         Starting Permit User Sessions...
         Starting System Logging Service...
         Starting LSB: Record successful boot for GRUB...
[[0;32m  OK  [0m] Started irqbalance daemon.
         Starting LXD - container startup/shutdown...
[[0;32m  OK  [0m] Started Permit User Sessions.
[[0;32m  OK  [0m] Started System Logging Service.
[[0;32m  OK  [0m] Started Login Service.
[[0;32m  OK  [0m] Started Unattended Upgrades Shutdown.
         Starting Authorization Manager...
         Starting Terminate Plymouth Boot Screen...
         Starting Hold until boot process finishes up...
[[0;32m  OK  [0m] Started Hold until boot process finishes up.
[[0;32m  OK  [0m] Started Terminate Plymouth Boot Screen.
         Starting Set console scheme...
[[0;32m  OK  [0m] Started Serial Getty on ttyS0.
[[0;32m  OK  [0m] Started Set console scheme.
[[0;32m  OK  [0m] Created slice system-getty.slice.
[[0;32m  OK  [0m] Started Getty on tty1.
[[0;32m  OK  [0m] Reached target Login Prompts.
[[0;32m  OK  [0m] Started Authorization Manager.
[[0;32m  OK  [0m] Started LSB: automatic crash report generation.
[[0;32m  OK  [0m] Started Accounts Service.
[[0;32m  OK  [0m] Started LSB: Record successful boot for GRUB.
[[0;32m  OK  [0m] Started Virtualbox guest utils.
[[0;32m  OK  [0m] Started Dispatcher daemon for systemd-networkd.
[[0;32m  OK  [0m] Started LXD - container startup/shutdown.
[[0;32m  OK  [0m] Started Snap Daemon.
         Starting Wait until snapd is fully seeded...
         Starting Time & Date Service...
[[0;32m  OK  [0m] Started Time & Date Service.

Ubuntu 18.04.6 LTS ubuntu-bionic ttyS0

ubuntu-bionic login: [   32.618087] cloud-init[1657]: Cloud-init v. 23.1.2-0ubuntu0~18.04.1 running 'modules:config' at Mon, 01 Jan 2024 15:01:53 +0000. Up 31.47 seconds.
ci-info: no authorized SSH keys fingerprints found for user ubuntu.
<14>Jan  1 15:01:55 cloud-init: #############################################################
<14>Jan  1 15:01:55 cloud-init: -----BEGIN SSH HOST KEY FINGERPRINTS-----
<14>Jan  1 15:01:55 cloud-init: 1024 SHA256:PcLiMvBz7990bwSe9I9VE4IM2ZtUdiW3ppF0SuELGpQ root@ubuntu-bionic (DSA)
<14>Jan  1 15:01:55 cloud-init: 256 SHA256:MLaXaWYAN9h5mBKDzYMoS0xjgLaYtLQ36NusZeoaU84 root@ubuntu-bionic (ECDSA)
<14>Jan  1 15:01:55 cloud-init: 256 SHA256:Lo17xdt9iIo1OreaDG9ZiXCmATdZozs+234RoficQnY root@ubuntu-bionic (ED25519)
<14>Jan  1 15:01:55 cloud-init: 2048 SHA256:yDGGErDyKCjt5W9eS+Vrye0XIYnWp6hok8c7yUuZ0R4 root@ubuntu-bionic (RSA)
<14>Jan  1 15:01:55 cloud-init: -----END SSH HOST KEY FINGERPRINTS-----
<14>Jan  1 15:01:55 cloud-init: #############################################################
-----BEGIN SSH HOST KEY KEYS-----
ecdsa-sha2-nistp256 AAAAE2VjZHNhLXNoYTItbmlzdHAyNTYAAAAIbmlzdHAyNTYAAABBBEi+7Am9EiOv3TyGEGZ8P2uWJ0PYdLjxCFA89mA7i+JPZUYbp1UiCJy5IEFLCXpm41RCdNwONw8z/oIdFX00rg4= root@ubuntu-bionic
ssh-ed25519 AAAAC3NzaC1lZDI1NTE5AAAAIAY1RzJO3oaThJCUUIedr5fL0OiXLRUOvij7pkNAwNNv root@ubuntu-bionic
ssh-rsa AAAAB3NzaC1yc2EAAAADAQABAAABAQDs6PafO6iIRvV3ihFldVYxHRpd32Gj5XiYrqae8k1+i95JYl654iUjMzJzUmYiNsitGUqGJINYdias0zQ55oDbc8XE7wSnS4xd2KIhRTpZs5N00zJxHDIxKdd1YAAc0meMsaSWCOB1vHbkj25cOeueQvzoPKqUtZZJxqlOynG3ebBJ79+tLAJHRSL2mkgL57UWl9CZ4HgWeiMNRlLnr3sznLIY8Ewy3rh9sK2N5LljT4j7nfG21zds8mefH5XIrF4+yJBe1DSfzZ2aC5vHbwIOeU1Bn495vB9RucxoYXVzPOqIiZ/ShdpGQbTZUU8T3/wQ//ZWoOBTAbMiWfiOmAJZ root@ubuntu-bionic
-----END SSH HOST KEY KEYS-----
[   33.354218] cloud-init[1735]: Cloud-init v. 23.1.2-0ubuntu0~18.04.1 running 'modules:final' at Mon, 01 Jan 2024 15:01:55 +0000. Up 33.09 seconds.
[   33.399366] cloud-init[1735]: Cloud-init v. 23.1.2-0ubuntu0~18.04.1 finished at Mon, 01 Jan 2024 15:01:55 +0000. Datasource DataSourceNoCloud [seed=/dev/sdb][dsmode=net].  Up 33.34 seconds
         Stopping User Manager for UID 1000...
[[0;32m  OK  [0m] Stopped target Host and Network Name Lookups.
         Stopping Session 4 of user vagrant.
[[0;32m  OK  [0m] Closed Load/Save RF Kill Switch Status /dev/rfkill Watch.
[[0;32m  OK  [0m] Stopped target Cloud-init target.
[[0;32m  OK  [0m] Stopped target Graphical Interface.
         Stopping Accounts Service...
[[0;32m  OK  [0m] Stopped Execute cloud user/final scripts.
[[0;32m  OK  [0m] Stopped target Multi-User System.
         Stopping Ubuntu FAN network setup...
[[0;32m  OK  [0m] Stopped target Login Prompts.
         Stopping Getty on tty1...
         Stopping Serial Getty on ttyS0...
         Stopping Deferred execution scheduler...
         Stopping LSB: Record successful boot for GRUB...
         Stopping Regular background program processing daemon...
         Stopping Docker Application Container Engine...
         Stopping Virtualbox guest utils...
         Stopping Dispatcher daemon for systemd-networkd...
         Stopping Unattended Upgrades Shutdown...
         Stopping D-Bus System Message Bus...
[[0;32m  OK  [0m] Stopped Apply the settings specified in cloud-config.
[[0;32m  OK  [0m] Stopped Wait until snapd is fully seeded.
[[0;32m  OK  [0m] Stopped target Cloud-config availability.
         Stopping FUSE filesystem for LXC...
         Stopping Session 3 of user vagrant.
[[0;32m  OK  [0m] Stopped target Timers.
[[0;32m  OK  [0m] Stopped Message of the Day.
[[0;32m  OK  [0m] Stopped Ubuntu Advantage Timer for running repeated jobs.
[[0;32m  OK  [0m] Stopped Daily apt upgrade and clean activities.
[[0;32m  OK  [0m] Stopped Daily apt download activities.
[[0;32m  OK  [0m] Stopped Daily Cleanup of Temporary Directories.
[[0;32m  OK  [0m] Stopped Discard unused blocks once a week.
[[0;32m  OK  [0m] Stopped target System Time Synchronized.
         Stopping Availability of block devices...
         Stopping Authorization Manager...
         Stopping LSB: automatic crash report generation...
         Stopping OpenBSD Secure Shell server...
         Stopping System Logging Service...
         Stopping LXD - container startup/shutdown...
[[0;32m  OK  [0m] Unmounted /var/lib/lxcfs.
[[0;32m  OK  [0m] Stopped Deferred execution scheduler.
[[0;32m  OK  [0m] Stopped Accounts Service.
[[0;32m  OK  [0m] Stopped Dispatcher daemon for systemd-networkd.
[[0;32m  OK  [0m] Stopped Regular background program processing daemon.
[[0;32m  OK  [0m] Stopped Unattended Upgrades Shutdown.
[[0;32m  OK  [0m] Stopped Authorization Manager.
[[0;32m  OK  [0m] Stopped Serial Getty on ttyS0.
[[0;32m  OK  [0m] Stopped Getty on tty1.
[[0;32m  OK  [0m] Stopped User Manager for UID 1000.
[[0;32m  OK  [0m] Stopped D-Bus System Message Bus.
[[0;32m  OK  [0m] Stopped Session 3 of user vagrant.
[[0;32m  OK  [0m] Stopped Session 4 of user vagrant.
[[0;32m  OK  [0m] Removed slice User Slice of vagrant.
[[0;32m  OK  [0m] Removed slice system-getty.slice.
[[0;32m  OK  [0m] Removed slice system-serial\x2dgetty.slice.
[[0;32m  OK  [0m] Stopped target Login Prompts (Pre).
         Stopping Permit User Sessions...
         Stopping Login Service...
[[0;32m  OK  [0m] Stopped Login Service.
[[0;32m  OK  [0m] Stopped System Logging Service.
[[0;32m  OK  [0m] Stopped OpenBSD Secure Shell server.
[[0;32m  OK  [0m] Stopped LXD - container startup/shutdown.
[[0;32m  OK  [0m] Stopped Permit User Sessions.
[[0;32m  OK  [0m] Stopped target User and Group Name Lookups.
[[0;32m  OK  [0m] Stopped FUSE filesystem for LXC.
[[0;32m  OK  [0m] Stopped Availability of block devices.
[[0;32m  OK  [0m] Stopped LSB: Record successful boot for GRUB.
[[0;32m  OK  [0m] Stopped LSB: automatic crash report generation.
[[0;32m  OK  [0m] Stopped target Remote File Systems.
         Unmounting /vagrant...
[[0;32m  OK  [0m] Unmounted /vagrant.
[[0;32m  OK  [0m] Stopped Virtualbox guest utils.
[[0;32m  OK  [0m] Stopped target Remote File Systems (Pre).
[[0;32m  OK  [0m] Unmounted /run/docker/netns/587c053eacc5.
[[0;32m  OK  [0m] Unmounted /var/lib/docker/overlay2/…3a39bc4d62e08a5749bc0cde2e/merged.
[[0;32m  OK  [0m] Stopped Ubuntu FAN network setup.
[[0;32m  OK  [0m] Stopped Docker Application Container Engine.
         Stopping containerd container runtime...
[[0;32m  OK  [0m] Stopped target Network is Online.
[[0;32m  OK  [0m] Stopped containerd container runtime.
[[0;32m  OK  [0m] Stopped target Network.
         Stopping Network Name Resolution...
[[0;32m  OK  [0m] Stopped target Basic System.
[[0;32m  OK  [0m] Stopped target Paths.
[[0;32m  OK  [0m] Stopped ACPI Events Check.
[[0;32m  OK  [0m] Stopped target Slices.
[[0;32m  OK  [0m] Removed slice User and Session Slice.
[[0;32m  OK  [0m] Stopped target Sockets.
[[0;32m  OK  [0m] Closed ACPID Listen Socket.
[[0;32m  OK  [0m] Closed Docker Socket for the API.
[[0;32m  OK  [0m] Closed UUID daemon activation socket.
[[0;32m  OK  [0m] Closed Open-iSCSI iscsid Socket.
[[0;32m  OK  [0m] Closed cloud-init hotplug hook socket.
[[0;32m  OK  [0m] Closed Socket activation for snappy daemon.
[[0;32m  OK  [0m] Closed D-Bus System Message Bus Socket.
[[0;32m  OK  [0m] Closed LXD - unix socket.
[[0;32m  OK  [0m] Closed Syslog Socket.
[[0;32m  OK  [0m] Stopped target System Initialization.
         Stopping Update UTMP about System Boot/Shutdown...
[[0;32m  OK  [0m] Stopped target Local Encrypted Volumes.
[[0;32m  OK  [0m] Stopped Dispatch Password Requests to Console Directory Watch.
[[0;32m  OK  [0m] Stopped Forward Password Requests to Wall Directory Watch.
         Stopping Load/Save Random Seed...
[[0;32m  OK  [0m] Stopped Initial cloud-init job (metadata service crawler).
[[0;32m  OK  [0m] Stopped Commit a transient machine-id on disk.
[[0;32m  OK  [0m] Stopped Network Name Resolution.
         Stopping Network Service...
[[0;32m  OK  [0m] Stopped Update UTMP about System Boot/Shutdown.
[[0;32m  OK  [0m] Stopped Create Volatile Files and Directories.
[[0;32m  OK  [0m] Stopped target Local File Systems.
[[0;32m  OK  [0m] Stopped target Mounted snaps.
[[0;32m  OK  [0m] Stopped target Mounting snaps.
         Unmounting /run/user/1000...
[[0;32m  OK  [0m] Stopped Network Service.
[[0;32m  OK  [0m] Stopped Load/Save Random Seed.
[[0;32m  OK  [0m] Unmounted /run/user/1000.
[[0;32m  OK  [0m] Reached target Unmount All Filesystems.
[[0;32m  OK  [0m] Stopped target Swap.
[[0;32m  OK  [0m] Stopped target Local File Systems (Pre).
[[0;32m  OK  [0m] Stopped Create Static Device Nodes in /dev.
         Stopping Monitoring of LVM2 mirrors…ng dmeventd or progress polling...
[[0;32m  OK  [0m] Stopped target Network (Pre).
[[0;32m  OK  [0m] Stopped Initial cloud-init job (pre-networking).
[[0;32m  OK  [0m] Stopped Remount Root and Kernel File Systems.
[[0;32m  OK  [0m] Stopped Apply Kernel Variables.
[[0;32m  OK  [0m] Stopped Load Kernel Modules.
[[0;32m  OK  [0m] Reached target Shutdown.
[[0;32m  OK  [0m] Reached target Final Step.
         Starting Reboot...
[[0;32m  OK  [0m] Stopped Monitoring of LVM2 mirrors,…sing dmeventd or progress polling.
         Stopping LVM2 metadata daemon...
[[0;32m  OK  [0m] Stopped LVM2 metadata daemon.
[ 1905.145807] reboot: Restarting system
[    0.000000] Linux version 4.15.0-212-generic (buildd@lcy02-amd64-083) (gcc version 7.5.0 (Ubuntu 7.5.0-3ubuntu1~18.04)) #223-Ubuntu SMP Tue May 23 13:09:22 UTC 2023 (Ubuntu 4.15.0-212.223-generic 4.15.18)
[    0.000000] Command line: BOOT_IMAGE=/boot/vmlinuz-4.15.0-212-generic root=LABEL=cloudimg-rootfs ro console=tty1 console=ttyS0
[    0.000000] KERNEL supported cpus:
[    0.000000]   Intel GenuineIntel
[    0.000000]   AMD AuthenticAMD
[    0.000000]   Centaur CentaurHauls
[    0.000000] x86/fpu: Supporting XSAVE feature 0x001: 'x87 floating point registers'
[    0.000000] x86/fpu: Supporting XSAVE feature 0x002: 'SSE registers'
[    0.000000] x86/fpu: Supporting XSAVE feature 0x004: 'AVX registers'
[    0.000000] x86/fpu: xstate_offset[2]:  576, xstate_sizes[2]:  256
[    0.000000] x86/fpu: Enabled xstate features 0x7, context size is 832 bytes, using 'standard' format.
[    0.000000] e820: BIOS-provided physical RAM map:
[    0.000000] BIOS-e820: [mem 0x0000000000000000-0x000000000009fbff] usable
[    0.000000] BIOS-e820: [mem 0x000000000009fc00-0x000000000009ffff] reserved
[    0.000000] BIOS-e820: [mem 0x00000000000f0000-0x00000000000fffff] reserved
[    0.000000] BIOS-e820: [mem 0x0000000000100000-0x000000003ffeffff] usable
[    0.000000] BIOS-e820: [mem 0x000000003fff0000-0x000000003fffffff] ACPI data
[    0.000000] BIOS-e820: [mem 0x00000000fec00000-0x00000000fec00fff] reserved
[    0.000000] BIOS-e820: [mem 0x00000000fee00000-0x00000000fee00fff] reserved
[    0.000000] BIOS-e820: [mem 0x00000000fffc0000-0x00000000ffffffff] reserved
[    0.000000] NX (Execute Disable) protection: active
[    0.000000] SMBIOS 2.5 present.
[    0.000000] DMI: innotek GmbH VirtualBox/VirtualBox, BIOS VirtualBox 12/01/2006
[    0.000000] Hypervisor detected: KVM
[    0.000000] e820: last_pfn = 0x3fff0 max_arch_pfn = 0x400000000
[    0.000000] MTRR: Disabled
[    0.000000] x86/PAT: MTRRs disabled, skipping PAT initialization too.
[    0.000000] CPU MTRRs all blank - virtualized system.
[    0.000000] x86/PAT: Configuration [0-7]: WB  WT  UC- UC  WB  WT  UC- UC  
[    0.000000] found SMP MP-table at [mem 0x0009fff0-0x0009ffff]
[    0.000000] Scanning 1 areas for low memory corruption
[    0.000000] RAMDISK: [mem 0x359cb000-0x36cdcfff]
[    0.000000] ACPI: Early table checksum verification disabled
[    0.000000] ACPI: RSDP 0x00000000000E0000 000024 (v02 VBOX  )
[    0.000000] ACPI: XSDT 0x000000003FFF0030 00003C (v01 VBOX   VBOXXSDT 00000001 ASL  00000061)
[    0.000000] ACPI: FACP 0x000000003FFF00F0 0000F4 (v04 VBOX   VBOXFACP 00000001 ASL  00000061)
[    0.000000] ACPI: DSDT 0x000000003FFF0470 002325 (v02 VBOX   VBOXBIOS 00000002 INTL 20200925)
[    0.000000] ACPI: FACS 0x000000003FFF0200 000040
[    0.000000] ACPI: FACS 0x000000003FFF0200 000040
[    0.000000] ACPI: APIC 0x000000003FFF0240 000054 (v02 VBOX   VBOXAPIC 00000001 ASL  00000061)
[    0.000000] ACPI: SSDT 0x000000003FFF02A0 0001CC (v01 VBOX   VBOXCPUT 00000002 INTL 20200925)
[    0.000000] ACPI: Reserving FACP table memory at [mem 0x3fff00f0-0x3fff01e3]
[    0.000000] ACPI: Reserving DSDT table memory at [mem 0x3fff0470-0x3fff2794]
[    0.000000] ACPI: Reserving FACS table memory at [mem 0x3fff0200-0x3fff023f]
[    0.000000] ACPI: Reserving FACS table memory at [mem 0x3fff0200-0x3fff023f]
[    0.000000] ACPI: Reserving APIC table memory at [mem 0x3fff0240-0x3fff0293]
[    0.000000] ACPI: Reserving SSDT table memory at [mem 0x3fff02a0-0x3fff046b]
[    0.000000] No NUMA configuration found
[    0.000000] Faking a node at [mem 0x0000000000000000-0x000000003ffeffff]
[    0.000000] NODE_DATA(0) allocated [mem 0x3ffc5000-0x3ffeffff]
[    0.000000] kvm-clock: cpu 0, msr 0:3ff44001, primary cpu clock
[    0.000000] kvm-clock: Using msrs 4b564d01 and 4b564d00
[    0.000000] kvm-clock: using sched offset of 5741486768 cycles
[    0.000000] clocksource: kvm-clock: mask: 0xffffffffffffffff max_cycles: 0x1cd42e4dffb, max_idle_ns: 881590591483 ns
[    0.000000] Zone ranges:
[    0.000000]   DMA      [mem 0x0000000000001000-0x0000000000ffffff]
[    0.000000]   DMA32    [mem 0x0000000001000000-0x000000003ffeffff]
[    0.000000]   Normal   empty
[    0.000000]   Device   empty
[    0.000000] Movable zone start for each node
[    0.000000] Early memory node ranges
[    0.000000]   node   0: [mem 0x0000000000001000-0x000000000009efff]
[    0.000000]   node   0: [mem 0x0000000000100000-0x000000003ffeffff]
[    0.000000] Reserved but unavailable: 104 pages
[    0.000000] Initmem setup node 0 [mem 0x0000000000001000-0x000000003ffeffff]
[    0.000000] ACPI: PM-Timer IO Port: 0x4008
[    0.000000] IOAPIC[0]: apic_id 1, version 32, address 0xfec00000, GSI 0-23
[    0.000000] ACPI: INT_SRC_OVR (bus 0 bus_irq 0 global_irq 2 dfl dfl)
[    0.000000] ACPI: INT_SRC_OVR (bus 0 bus_irq 9 global_irq 9 low level)
[    0.000000] Using ACPI (MADT) for SMP configuration information
[    0.000000] smpboot: Allowing 1 CPUs, 0 hotplug CPUs
[    0.000000] PM: Registered nosave memory: [mem 0x00000000-0x00000fff]
[    0.000000] PM: Registered nosave memory: [mem 0x0009f000-0x0009ffff]
[    0.000000] PM: Registered nosave memory: [mem 0x000a0000-0x000effff]
[    0.000000] PM: Registered nosave memory: [mem 0x000f0000-0x000fffff]
[    0.000000] e820: [mem 0x40000000-0xfebfffff] available for PCI devices
[    0.000000] Booting paravirtualized kernel on KVM
[    0.000000] clocksource: refined-jiffies: mask: 0xffffffff max_cycles: 0xffffffff, max_idle_ns: 7645519600211568 ns
[    0.000000] setup_percpu: NR_CPUS:8192 nr_cpumask_bits:1 nr_cpu_ids:1 nr_node_ids:1
[    0.000000] percpu: Embedded 50 pages/cpu s167936 r8192 d28672 u2097152
[    0.000000] PV qspinlock hash table entries: 256 (order: 0, 4096 bytes)
[    0.000000] Built 1 zonelists, mobility grouping on.  Total pages: 257913
[    0.000000] Policy zone: DMA32
[    0.000000] Kernel command line: BOOT_IMAGE=/boot/vmlinuz-4.15.0-212-generic root=LABEL=cloudimg-rootfs ro console=tty1 console=ttyS0
[    0.000000] Memory: 982844K/1048120K available (12300K kernel code, 2477K rwdata, 4324K rodata, 2480K init, 2720K bss, 65276K reserved, 0K cma-reserved)
[    0.000000] SLUB: HWalign=64, Order=0-3, MinObjects=0, CPUs=1, Nodes=1
[    0.000000] Kernel/User page tables isolation: enabled
[    0.000000] ftrace: allocating 39508 entries in 155 pages
[    0.004000] Hierarchical RCU implementation.
[    0.004000] 	RCU restricting CPUs from NR_CPUS=8192 to nr_cpu_ids=1.
[    0.004000] 	Tasks RCU enabled.
[    0.004000] RCU: Adjusting geometry for rcu_fanout_leaf=16, nr_cpu_ids=1
[    0.004000] NR_IRQS: 524544, nr_irqs: 256, preallocated irqs: 16
[    0.004000] random: crng init done
[    0.004000] Console: colour VGA+ 80x25
[    0.004000] console [tty1] enabled
[    0.004000] console [ttyS0] enabled
[    0.004000] ACPI: Core revision 20170831
[    0.004000] ACPI: 2 ACPI AML tables successfully acquired and loaded
[    0.004000] APIC: Switch to symmetric I/O mode setup
[    0.004000] x2apic enabled
[    0.004010] Switched APIC routing to physical x2apic.
[    0.010421] ..TIMER: vector=0x30 apic1=0 pin1=2 apic2=-1 pin2=-1
[    0.012002] tsc: Detected 2618.376 MHz processor
[    0.016009] Calibrating delay loop (skipped) preset value.. 5236.75 BogoMIPS (lpj=10473504)
[    0.020001] pid_max: default: 32768 minimum: 301
[    0.024021] Security Framework initialized
[    0.026180] Yama: becoming mindful.
[    0.028012] AppArmor: AppArmor initialized
[    0.030493] Dentry cache hash table entries: 131072 (order: 8, 1048576 bytes)
[    0.032038] Inode-cache hash table entries: 65536 (order: 7, 524288 bytes)
[    0.036010] Mount-cache hash table entries: 2048 (order: 2, 16384 bytes)
[    0.040006] Mountpoint-cache hash table entries: 2048 (order: 2, 16384 bytes)
[    0.044495] Last level iTLB entries: 4KB 0, 2MB 0, 4MB 0
[    0.048002] Last level dTLB entries: 4KB 0, 2MB 0, 4MB 0, 1GB 0
[    0.052008] Spectre V1 : Mitigation: usercopy/swapgs barriers and __user pointer sanitization
[    0.056001] Spectre V2 : Mitigation: Retpolines
[    0.058352] Spectre V2 : Spectre v2 / SpectreRSB mitigation: Filling RSB on context switch
[    0.060001] Spectre V2 : Spectre v2 / SpectreRSB : Filling RSB on VMEXIT
[    0.064001] Speculative Store Bypass: Vulnerable
[    0.068031] MDS: Vulnerable: Clear CPU buffers attempted, no microcode
[    0.076000] Freeing SMP alternatives memory: 36K
[    0.184003] APIC calibration not consistent with PM-Timer: 101ms instead of 100ms
[    0.188000] APIC delta adjusted to PM-Timer: 6147652 (6250356)
[    0.188153] smpboot: CPU0: 12th Gen Intel(R) Core(TM) i7-1255U (family: 0x6, model: 0x9a, stepping: 0x4)
[    0.192061] Performance Events: unsupported p6 CPU model 154 no PMU driver, software events only.
[    0.196038] Hierarchical SRCU implementation.
[    0.198665] NMI watchdog: Perf event create on CPU 0 failed with -2
[    0.200002] NMI watchdog: Perf NMI watchdog permanently disabled
[    0.204025] smp: Bringing up secondary CPUs ...
[    0.208003] smp: Brought up 1 node, 1 CPU
[    0.210128] smpboot: Max logical packages: 1
[    0.212002] smpboot: Total of 1 processors activated (5236.75 BogoMIPS)
[    0.216081] devtmpfs: initialized
[    0.217907] x86/mm: Memory block size: 128MB
[    0.220077] evm: security.selinux
[    0.221897] evm: security.SMACK64
[    0.224002] evm: security.SMACK64EXEC
[    0.225981] evm: security.SMACK64TRANSMUTE
[    0.228001] evm: security.SMACK64MMAP
[    0.229977] evm: security.apparmor
[    0.232002] evm: security.ima
[    0.233602] evm: security.capability
[    0.236074] clocksource: jiffies: mask: 0xffffffff max_cycles: 0xffffffff, max_idle_ns: 7645041785100000 ns
[    0.240007] futex hash table entries: 256 (order: 2, 16384 bytes)
[    0.244044] pinctrl core: initialized pinctrl subsystem
[    0.248336] RTC time: 15:33:19, date: 01/01/24
[    0.250855] NET: Registered protocol family 16
[    0.252036] audit: initializing netlink subsys (disabled)
[    0.256090] cpuidle: using governor ladder
[    0.258239] cpuidle: using governor menu
[    0.260005] audit: type=2000 audit(1704123642.365:1): state=initialized audit_enabled=0 res=1
[    0.264021] ACPI: bus type PCI registered
[    0.268002] acpiphp: ACPI Hot Plug PCI Controller Driver version: 0.5
[    0.272071] PCI: Using configuration type 1 for base access
[    0.275475] HugeTLB registered 2.00 MiB page size, pre-allocated 0 pages
[    0.276373] ACPI: Added _OSI(Module Device)
[    0.280004] ACPI: Added _OSI(Processor Device)
[    0.284002] ACPI: Added _OSI(3.0 _SCP Extensions)
[    0.286449] ACPI: Added _OSI(Processor Aggregator Device)
[    0.288006] ACPI: Added _OSI(Linux-Dell-Video)
[    0.292018] ACPI: Added _OSI(Linux-Lenovo-NV-HDMI-Audio)
[    0.294756] ACPI: Added _OSI(Linux-HPI-Hybrid-Graphics)
[    0.296619] ACPI: Executed 1 blocks of module-level executable AML code
[    0.304867] ACPI: Interpreter enabled
[    0.306891] ACPI: (supports S0 S5)
[    0.308002] ACPI: Using IOAPIC for interrupt routing
[    0.310805] PCI: Using host bridge windows from ACPI; if necessary, use "pci=nocrs" and report a bug
[    0.312280] ACPI: Enabled 2 GPEs in block 00 to 07
[    0.323116] ACPI: PCI Root Bridge [PCI0] (domain 0000 [bus 00-ff])
[    0.324007] acpi PNP0A03:00: _OSC: OS supports [ASPM ClockPM Segments MSI]
[    0.328332] acpi PNP0A03:00: _OSC: not requesting OS control; OS requires [ExtendedConfig ASPM ClockPM MSI]
[    0.332018] acpi PNP0A03:00: fail to add MMCONFIG information, can't access extended PCI configuration space under this bridge.
[    0.336700] PCI host bridge to bus 0000:00
[    0.340003] pci_bus 0000:00: root bus resource [io  0x0000-0x0cf7 window]
[    0.343437] pci_bus 0000:00: root bus resource [io  0x0d00-0xffff window]
[    0.344005] pci_bus 0000:00: root bus resource [mem 0x000a0000-0x000bffff window]
[    0.348002] pci_bus 0000:00: root bus resource [mem 0x40000000-0xfdffffff window]
[    0.352006] pci_bus 0000:00: root bus resource [bus 00-ff]
[    0.361388] pci 0000:00:01.1: legacy IDE quirk: reg 0x10: [io  0x01f0-0x01f7]
[    0.364002] pci 0000:00:01.1: legacy IDE quirk: reg 0x14: [io  0x03f6]
[    0.368004] pci 0000:00:01.1: legacy IDE quirk: reg 0x18: [io  0x0170-0x0177]
[    0.371768] pci 0000:00:01.1: legacy IDE quirk: reg 0x1c: [io  0x0376]
[    0.396361] pci 0000:00:07.0: quirk: [io  0x4000-0x403f] claimed by PIIX4 ACPI
[    0.400006] pci 0000:00:07.0: quirk: [io  0x4100-0x410f] claimed by PIIX4 SMB
[    0.421611] ACPI: PCI Interrupt Link [LNKA] (IRQs 5 9 10 *11)
[    0.424284] ACPI: PCI Interrupt Link [LNKB] (IRQs 5 9 *10 11)
[    0.428140] ACPI: PCI Interrupt Link [LNKC] (IRQs 5 *9 10 11)
[    0.431195] ACPI: PCI Interrupt Link [LNKD] (IRQs 5 9 10 *11)
[    0.432686] SCSI subsystem initialized
[    0.436294] pci 0000:00:02.0: vgaarb: setting as boot VGA device
[    0.439405] pci 0000:00:02.0: vgaarb: VGA device added: decodes=io+mem,owns=io+mem,locks=none
[    0.440004] pci 0000:00:02.0: vgaarb: bridge control possible
[    0.444001] vgaarb: loaded
[    0.445539] ACPI: bus type USB registered
[    0.448035] usbcore: registered new interface driver usbfs
[    0.451069] usbcore: registered new interface driver hub
[    0.452007] usbcore: registered new device driver usb
[    0.456072] EDAC MC: Ver: 3.0.0
[    0.460590] PCI: Using ACPI for IRQ routing
[    0.463530] NetLabel: Initializing
[    0.464001] NetLabel:  domain hash size = 128
[    0.466313] NetLabel:  protocols = UNLABELED CIPSOv4 CALIPSO
[    0.468033] NetLabel:  unlabeled traffic allowed by default
[    0.472169] clocksource: Switched to clocksource kvm-clock
[    0.481738] VFS: Disk quotas dquot_6.6.0
[    0.483927] VFS: Dquot-cache hash table entries: 512 (order 0, 4096 bytes)
[    0.487551] AppArmor: AppArmor Filesystem Enabled
[    0.490150] pnp: PnP ACPI init
[    0.493116] pnp: PnP ACPI: found 3 devices
[    0.500652] clocksource: acpi_pm: mask: 0xffffff max_cycles: 0xffffff, max_idle_ns: 2085701024 ns
[    0.505164] NET: Registered protocol family 2
[    0.507534] IP idents hash table entries: 16384 (order: 5, 131072 bytes)
[    0.511156] TCP established hash table entries: 8192 (order: 4, 65536 bytes)
[    0.514934] TCP bind hash table entries: 8192 (order: 5, 131072 bytes)
[    0.518293] TCP: Hash tables configured (established 8192 bind 8192)
[    0.521862] UDP hash table entries: 512 (order: 2, 16384 bytes)
[    0.525086] UDP-Lite hash table entries: 512 (order: 2, 16384 bytes)
[    0.528359] NET: Registered protocol family 1
[    0.530751] pci 0000:00:00.0: Limiting direct PCI/PCI transfers
[    0.533841] pci 0000:00:01.0: Activating ISA DMA hang workarounds
[    0.539338] pci 0000:00:02.0: Video device with shadowed ROM at [mem 0x000c0000-0x000dffff]
[    0.548067] Unpacking initramfs...
[    0.752257] Freeing initrd memory: 19528K
[    0.762725] clocksource: tsc: mask: 0xffffffffffffffff max_cycles: 0x25be0b73f65, max_idle_ns: 440795312151 ns
[    0.767966] platform rtc_cmos: registered platform RTC device (no PNP device found)
[    0.772087] Scanning for low memory corruption every 60 seconds
[    0.775593] Initialise system trusted keyrings
[    0.778021] Key type blacklist registered
[    0.780659] workingset: timestamp_bits=36 max_order=18 bucket_order=0
[    0.784450] zbud: loaded
[    0.786222] squashfs: version 4.0 (2009/01/31) Phillip Lougher
[    0.789362] fuse init (API version 7.26)
[    0.791877] Key type asymmetric registered
[    0.794105] Asymmetric key parser 'x509' registered
[    0.796787] Block layer SCSI generic (bsg) driver version 0.4 loaded (major 246)
[    0.800657] io scheduler noop registered
[    0.802756] io scheduler deadline registered
[    0.805122] io scheduler cfq registered (default)
[    0.807836] ACPI: AC Adapter [AC] (on-line)
[    0.810137] input: Power Button as /devices/LNXSYSTM:00/LNXPWRBN:00/input/input0
[    0.813980] ACPI: Power Button [PWRF]
[    0.816229] input: Sleep Button as /devices/LNXSYSTM:00/LNXSLPBN:00/input/input1
[    0.820060] ACPI: Sleep Button [SLPF]
[    0.822492] Serial: 8250/16550 driver, 32 ports, IRQ sharing enabled
[    0.829876] 0:02: ttyS0 at I/O0x3f8 (irq = 4, bse_baud = 115200)is a 16550A
[    0.902029] Linux agpgart interface v0.103
[    0.904900] loop: module loaded
[    0.907435] scsi host0: ata_piix
[    0.909286] scsi host1: ata_piix
[    0.911134] ata1: PATA max UDMA/33 cmd 0x1f0 ctl 0x3f6 bmdma 0xd000 irq 14
[    0.914659] ata2: PATA max UDMA/33 cmd 0x170 ctl 0x376 bmdma 0xd008 irq 15
[    0.919372] tun: Universal TUN/TAP device driver, 1.6
[    0.922414] PPP generic driver version 2.4.2
[    0.924742] ehci_hcd: USB 2.0 'Enhanced' Host Controller (EHCI) Driver
[    0.928346] ehci-pci: EHCI PCI platform driver
[    0.930732] ehci-platform: EHCI generic platform driver
[    0.933611] ohci_hcd: USB 1.1 'Open' Host Controller (OHCI) Driver
[    0.937496] ohci-pci: OHCI PCI platform driver
[    0.940135] ohci-platform: OHCI generic platform driver
[    0.942894] uhci_hcd: USB Universal Host Controller Interface driver
[    0.947188] i8042: PNP: PS/2 Controller [PNP0303:PS2K,PNP0f03:PS2M] at 0x60,0x64 irq 1,12
[    0.952518] serio: i8042 KBD port at 0x60,0x64 irq 1
[    0.955306] serio: i8042 AUX port at 0x60,0x64 irq 12
[    0.958341] mousedev: PS/2 mouse device common for all mice
[    0.961624] input: AT Translated Set 2 keyboard as /devices/platform/i8042/serio0/input/input2
[    0.966737] rtc_cmos rtc_cmos: rtc core: registered rtc_cmos as rtc0
[    0.970335] rtc_cmos rtc_cmos: alarms up to one day, 114 bytes nvram
[    0.973617] i2c /dev entries driver
[    0.975696] device-mapper: uevent: version 1.0.3
[    0.978176] device-mapper: ioctl: 4.37.0-ioctl (2017-09-20) initialised: dm-devel@redhat.com
[    0.982576] ledtrig-cpu: registered to indicate activity on CPUs
[    0.986247] NET: Registered protocol family 10
[    0.990759] Segment Routing with IPv6
[    0.992815] NET: Registered protocol family 17
[    0.995192] Key type dns_resolver registered
[    0.997776] mce: Using 0 MCE banks
[    0.999678] RAS: Correctable Errors collector initialized.
[    1.002603] sched_clock: Marking stable (1002542087, 0)->(1383876726, -381334639)
[    1.006613] registered taskstats version 1
[    1.008838] Loading compiled-in X.509 certificates
[    1.012677] Loaded X.509 cert 'Build time autogenerated kernel key: b5b26778eaa3ab3a4a6cee031137706e947d12ad'
[    1.018148] Loaded X.509 cert 'Canonical Ltd. Live Patch Signing: 14df34d1a87cf37625abec039ef2bf521249b969'
[    1.023323] Loaded X.509 cert 'Canonical Ltd. Kernel Module Signing: 88f752e560a1e0737e31163a466ad7b70a850c19'
[    1.028342] blacklist: Loading compiled-in revocation X.509 certificates
[    1.032121] Loaded X.509 cert 'Canonical Ltd. Secure Boot Signing: 61482aa2830d0ab2ad5af10b7250da9033ddcef0'
[    1.037107] Loaded X.509 cert 'Canonical Ltd. Secure Boot Signing (2017): 242ade75ac4a15e50d50c84b0d45ff3eae707a03'
[    1.042335] Loaded X.509 cert 'Canonical Ltd. Secure Boot Signing (ESM 2018): 365188c1d374d6b07c3c8f240f8ef722433d6a8b'
[    1.047886] Loaded X.509 cert 'Canonical Ltd. Secure Boot Signing (2019): c0746fd6c5da3ae827864651ad66ae47fe24b3e8'
[    1.053261] Loaded X.509 cert 'Canonical Ltd. Secure Boot Signing (2021 v1): a8d54bbb3825cfb94fa13c9f8a594a195c107b8d'
[    1.058739] Loaded X.509 cert 'Canonical Ltd. Secure Boot Signing (2021 v2): 4cf046892d6fd3c9a5b03f98d845f90851dc6a8c'
[    1.064368] Loaded X.509 cert 'Canonical Ltd. Secure Boot Signing (2021 v3): 100437bb6de6e469b581e61cd66bce3ef4ed53af'
[    1.069845] Loaded X.509 cert 'Canonical Ltd. Secure Boot Signing (Ubuntu Core 2019): c1d57b8f6b743f23ee41f4f7ee292f06eecadfb9'
[    1.075721] zswap: loaded using pool lzo/zbud
[    1.111451] Key type big_key registered
[    1.113656] Key type trusted registered
[    1.116717] Key type encrypted registered
[    1.118947] AppArmor: AppArmor sha1 policy hashing enabled
[    1.121901] ima: No TPM chip found, activating TPM-bypass! (rc=-19)
[    1.125278] ima: Allocated hash algorithm: sha1
[    1.127723] evm: HMAC attrs: 0x1
[    1.130145]   Magic number: 8:662:587
[    1.132328] rtc_cmos rtc_cmos: setting system clock to 2024-01-01 15:33:20 UTC (1704123200)
[    1.136628] BIOS EDD facility v0.16 2004-Jun-25, 0 devices found
[    1.139784] EDD information not available.
[    1.144041] Freeing unused kernel image memory: 2480K
[    1.152046] Write protecting the kernel read-only data: 20480k
[    1.155888] Freeing unused kernel image memory: 2008K
[    1.159372] Freeing unused kernel image memory: 1820K
[    1.165429] x86/mm: Checked W+X mappings: passed, no W+X pages found.
[    1.168809] x86/mm: Checking user space page tables
[    1.174680] x86/mm: Checked W+X mappings: passed, no W+X pages found.
Loading, please wait...
starting version 237
[    1.254046] e1000: Intel(R) PRO/1000 Network Driver - version 7.3.21-k8-NAPI
[    1.258465] e1000: Copyright (c) 1999-2006 Intel Corporation.
[    1.264583] Fusion MPT base driver 3.04.20
[    1.266901] Copyright (c) 1999-2008 LSI Corporation
[    1.283006] AVX2 version of gcm_enc/dec engaged.
[    1.286177] AES CTR mode by8 optimization enabled
[    1.302527] Fusion MPT SPI Host driver 3.04.20
[    1.485612] input: ImExPS/2 Generic Explorer Mouse as /devices/platform/i8042/serio1/input/input4
[    1.811063] e1000 0000:00:03.0 eth0: (PCI:33MHz:32-bit) 02:3b:7b:b7:3b:2d
[    1.816030] e1000 0000:00:03.0 eth0: Intel(R) PRO/1000 Network Connection
[    1.820535] mptbase: ioc0: Initiating bringup
[    1.916514] ioc0: LSI53C1030 A0: Capabilities={Initiator}
[    2.170142] scsi host2: ioc0: LSI53C1030 A0, FwRev=00000000h, Ports=1, MaxQ=256, IRQ=20
[    2.345974] scsi 2:0:0:0: Direct-Access     VBOX     HARDDISK         1.0  PQ: 0 ANSI: 5
[    2.356567] scsi target2:0:0: Beginning Domain Validation
[    2.361157] scsi target2:0:0: Domain Validation skipping write tests
[    2.364361] scsi target2:0:0: Ending Domain Validation
[    2.367304] scsi target2:0:0: asynchronous
[    2.370268] scsi 2:0:1:0: Direct-Access     VBOX     HARDDISK         1.0  PQ: 0 ANSI: 5
[    2.374435] scsi target2:0:1: Beginning Domain Validation
[    2.379941] scsi target2:0:1: Domain Validation skipping write tests
[    2.383240] scsi target2:0:1: Ending Domain Validation
[    2.386092] scsi target2:0:1: asynchronous
[    2.392305] sd 2:0:0:0: [sda] 83886080 512-byte logical blocks: (42.9 GB/40.0 GiB)
[    2.402051] sd 2:0:0:0: Attached scsi generic sg0 type 0
[    2.411157] sd 2:0:0:0: [sda] Write Protect is off
[    2.414003] sd 2:0:1:0: Attached scsi generic sg1 type 0
[    2.417034] sd 2:0:1:0: [sdb] 20480 512-byte logical blocks: (10.5 MB/10.0 MiB)
[    2.421720] sd 2:0:0:0: [sda] Incomplete mode parameter data
[    2.425175] sd 2:0:0:0: [sda] Assuming drive cache: write through
[    2.435022] sd 2:0:1:0: [sdb] Write Protect is off
[    2.443782] sd 2:0:1:0: [sdb] Incomplete mode parameter data
[    2.447048] sd 2:0:1:0: [sdb] Assuming drive cache: write through
[    2.474462]  sda: sda1
[    2.477273] sd 2:0:0:0: [sda] Attached SCSI disk
[    2.616998] sd 2:0:1:0: [sdb] Attached SCSI disk
[    2.910743] e1000 0000:00:08.0 eth1: (PCI:33MHz:32-bit) 08:00:27:3e:d6:b2
[    2.914891] e1000 0000:00:08.0 eth1: Intel(R) PRO/1000 Network Connection
[    2.919838] e1000 0000:00:08.0 enp0s8: renamed from eth1
[    3.105374] e1000 0000:00:03.0 enp0s3: renamed from eth0
Begin: Loading essential drivers ... [    5.422670] raid6: sse2x1   gen() 158778 MB/s
[    6.185774] raid6: sse2x1   xor() 72585 MB/s
[    6.376494] raid6: sse2x2   gen() 62271 MB/s
[    6.599169] raid6: sse2x2   xor() 23240 MB/s
[    6.710360] raid6: sse2x4   gen() 30058 MB/s
[    6.917243] raid6: sse2x4   xor() 23989 MB/s
[    7.171694] raid6: avx2x1   gen() 53137 MB/s
[    7.426248] raid6: avx2x1   xor() 96361 MB/s
[    8.189925] raid6: avx2x2   gen() 244986 MB/s
[    8.380824] raid6: avx2x2   xor() 76007 MB/s
[    8.667274] raid6: avx2x4   gen() 56763 MB/s
[    9.256619] raid6: avx2x4   xor() 53252 MB/s
[    9.260256] raid6: using algorithm avx2x2 gen() 244986 MB/s
[    9.263274] raid6: .... xor() 76007 MB/s, rmw enabled
[    9.265980] raid6: using avx2x2 recovery algorithm
[    9.269797] xor: automatically using best checksumming function   avx       
[    9.276121] async_tx: api initialized (async)
done.
Begin: Running /scripts/init-premount ... done.
Begin: Mounting root file system ... Begin: Running /scripts/local-top ... done.
Begin: Running /scripts/local-premount ... [    9.323535] Btrfs loaded, crc32c=crc32c-intel
Scanning for Btrfs filesystems
done.
Warning: fsck not present, so skipping root file system
[    9.521536] EXT4-fs (sda1): mounted filesystem with ordered data mode. Opts: (null)
done.
Begin: Running /scripts/local-bottom ... done.
Begin: Running /scripts/init-bottom ... done.
[   10.416677] ip_tables: (C) 2000-2006 Netfilter Core Team
[   10.520236] systemd[1]: systemd 237 running in system mode. (+PAM +AUDIT +SELINUX +IMA +APPARMOR +SMACK +SYSVINIT +UTMP +LIBCRYPTSETUP +GCRYPT +GNUTLS +ACL +XZ +LZ4 +SECCOMP +BLKID +ELFUTILS +KMOD -IDN2 +IDN -PCRE2 default-hierarchy=hybrid)
[   10.532974] systemd[1]: Detected virtualization oracle.
[   10.535840] systemd[1]: Detected architecture x86-64.

Welcome to [1mUbuntu 18.04.6 LTS[0m!

[   10.564192] systemd[1]: Set hostname to <ubuntu22>.
[   11.842054] systemd[1]: Created slice User and Session Slice.
[[0;32m  OK  [0m] Created slice User and Session Slice.
[   11.847117] systemd[1]: Reached target Swap.
[[0;32m  OK  [0m] Reached target Swap.
[   11.850846] systemd[1]: Started Forward Password Requests to Wall Directory Watch.
[[0;32m  OK  [0m] Started Forward Password Requests to Wall Directory Watch.
[   11.857328] systemd[1]: Reached target System Time Synchronized.
[[0;32m  OK  [0m] Reached target System Time Synchronized.
[   11.863010] systemd[1]: Set up automount Arbitrary Executable File Formats File System Automount Point.
[[0;32m  OK  [0m] Set up automount Arbitrary Executab…rmats File System Automount Point.
[   11.870816] systemd[1]: Reached target Mounting snaps.
[[0;32m  OK  [0m] Reached target Mounting snaps.
[[0;32m  OK  [0m] Reached target Mounted snaps.
[[0;32m  OK  [0m] Reached target User and Group Name Lookups.
[[0;32m  OK  [0m] Created slice System Slice.
[[0;32m  OK  [0m] Listening on LVM2 metadata daemon socket.
[[0;32m  OK  [0m] Listening on Journal Audit Socket.
[[0;32m  OK  [0m] Listening on Network Service Netlink Socket.
[[0;32m  OK  [0m] Listening on LVM2 poll daemon socket.
[[0;32m  OK  [0m] Listening on fsck to fsckd communication Socket.
[[0;32m  OK  [0m] Listening on Device-mapper event daemon FIFOs.
[[0;32m  OK  [0m] Listening on udev Control Socket.
[[0;32m  OK  [0m] Listening on Syslog Socket.
[[0;32m  OK  [0m] Created slice system-serial\x2dgetty.slice.
[[0;32m  OK  [0m] Listening on Journal Socket.
         Mounting Kernel Debug File System...
         Starting File System Check on Root Device...
         Starting Load Kernel Modules...
         Starting Create list of required st…ce nodes for the current kernel...
[[0;32m  OK  [0m] Listening on Journal Socket (/dev/log).
         Starting Journal Service...
         Starting Monitoring of LVM2 mirrors…ng dmeventd or progress polling...
         Mounting Huge Pages File System...
         Starting Uncomplicated firewall...
[[0;32m  OK  [0m] Listening on udev Kernel Socket.
         Mounting POSIX Message Queue File System...
         Starting udev Coldplug all Devices...
[[0;32m  OK  [0m] Listening on /dev/initctl Compatibility Named Pipe.
         Starting Set the console keyboard layout...
[[0;32m  OK  [0m] Reached target Slices.
[[0;32m  OK  [0m] Started Journal Service.
[   12.149012] Loading iSCSI transport class v2.0-870.
[[0;32m  OK  [0m] Mounted Kernel Debug File System.
[[0;32m  OK  [0m] Started File System Check on Root Device.
[[0;32m  OK  [0m] Started Create list of required sta…vice nodes for the current kernel.
[[0;32m  OK  [0m] Mounted Huge Pages File System.
[[0;32m  OK  [0m] Mounted POSIX Message Queue File System.
[[0;32m  OK  [0m] Started LVM2 metadata daemon.
[[0;32m  OK  [0m] Started File System Check Daemon to report status.
         Starting Create Static Device Nodes in /dev...
         Starting Remount Root and Kernel File Systems...
[[0;32m  OK  [0m] Started Uncomplicated firewall.
[[0;32m  OK  [0m] Started udev Coldplug all Devices.
[   12.216591] iscsi: registered transport (tcp)
[   12.244684] iscsi: registered transport (iser)
[[0;32m  OK  [0m] Started Load Kernel Modules.
         Mounting Kernel Configuration File System...
         Starting Apply Kernel Variables...
         Mounting FUSE Control File System...
[[0;32m  OK  [0m] Mounted Kernel Configuration File System.
[[0;32m  OK  [0m] Mounted FUSE Control File System.
[[0;32m  OK  [0m] Started Remount Root and Kernel File Systems.
         Starting Flush Journal to Persistent Storage...
         Starting Load/Save Random Seed...
[[0;32m  OK  [0m] Started Monitoring of LVM2 mirrors,…sing dmeventd or progress polling.
[[0;32m  OK  [0m] Started Set the console keyboard layout.
[[0;32m  OK  [0m] Started Create Static Device Nodes in /dev.
[[0;32m  OK  [0m] Started Apply Kernel Variables.
         Starting udev Kernel Device Manager...
[[0;32m  OK  [0m] Reached target Local File Systems (Pre).
[[0;32m  OK  [0m] Reached target Local File Systems.
         Starting AppArmor initialization...
         Starting Set console font and keymap...
         Starting ebtables ruleset management...
         Starting Tell Plymouth To Write Out Runtime Data...
[[0;32m  OK  [0m] Started Load/Save Random Seed.
[[0;32m  OK  [0m] Started udev Kernel Device Manager.
[[0;32m  OK  [0m] Started Dispatch Password Requests to Console Directory Watch.
[[0;32m  OK  [0m] Reached target Local Encrypted Volumes.
[[0;32m  OK  [0m] Started Set console font and keymap.
[[0;32m  OK  [0m] Started Tell Plymouth To Write Out Runtime Data.
[[0;32m  OK  [0m] Found device /dev/ttyS0.
[[0;32m  OK  [0m] Started Flush Journal to Persistent Storage.
[[0;32m  OK  [0m] Started ebtables ruleset management.
         Starting Create Volatile Files and Directories...
[[0;32m  OK  [0m] Started Create Volatile Files and Directories.
         Starting Update UTMP about System Boot/Shutdown...
[[0;32m  OK  [0m] Listening on Load/Save RF Kill Switch Status /dev/rfkill Watch.
[[0;32m  OK  [0m] Started Update UTMP about System Boot/Shutdown.
[[0;32m  OK  [0m] Started AppArmor initialization.
         Starting Load AppArmor profiles managed internally by snapd...
         Starting Initial cloud-init job (pre-networking)...
         Mounting Arbitrary Executable File Formats File System...
[[0;32m  OK  [0m] Mounted Arbitrary Executable File Formats File System.
[[0;32m  OK  [0m] Started Load AppArmor profiles managed internally by snapd.
[   16.814411] cloud-init[574]: Cloud-init v. 23.1.2-0ubuntu0~18.04.1 running 'init-local' at Mon, 01 Jan 2024 15:33:35 +0000. Up 16.55 seconds.
[[0;32m  OK  [0m] Started Initial cloud-init job (pre-networking).
[[0;32m  OK  [0m] Reached target Network (Pre).
         Starting Network Service...
[[0;32m  OK  [0m] Started Network Service.
         Starting Wait for Network to be Configured...
         Starting Network Name Resolution...
[[0;32m  OK  [0m] Started Network Name Resolution.
[[0;32m  OK  [0m] Reached target Host and Network Name Lookups.
[[0;32m  OK  [0m] Reached target Network.
[[0;32m  OK  [0m] Started Wait for Network to be Configured.
         Starting Initial cloud-init job (metadata service crawler)...
[   19.497454] cloud-init[702]: Cloud-init v. 23.1.2-0ubuntu0~18.04.1 running 'init' at Mon, 01 Jan 2024 15:33:38 +0000. Up 19.32 seconds.
[   19.500914] cloud-init[702]: ci-info: ++++++++++++++++++++++++++++++++++++++Net device info+++++++++++++++++++++++++++++++++++++++
[   19.508168] cloud-init[702]: ci-info: +--------+------+-----------------------------+---------------+--------+-------------------+
[   19.515827] cloud-init[702]: ci-info: | Device |  Up  |           Address           |      Mask     | Scope  |     Hw-Address    |
[   19.520719] cloud-init[702]: ci-info: +--------+------+-----------------------------+---------------+--------+-------------------+
[   19.527368] cloud-init[702]: ci-info: | enp0s3 | True |          10.0.2.15          | 255.255.255.0 | global | 02:3b:7b:b7:3b:2d |
[   19.539237] cloud-init[702]: ci-info: | enp0s3 | True |  fe80::3b:7bff:feb7:3b2d/64 |       .       |  link  | 02:3b:7b:b7:3b:2d |
[   19.547941] cloud-init[702]: ci-info: | enp0s8 | True |        192.168.56.17        | 255.255.255.0 | global | 08:00:27:3e:d6:b2 |
[   19.557401] cloud-init[702]: ci-info: | enp0s8 | True | fe80::a00:27ff:fe3e:d6b2/64 |       .       |  link  | 08:00:27:3e:d6:b2 |
[   19.563578] cloud-init[702]: ci-info: |   lo   | True |          127.0.0.1          |   255.0.0.0   |  host  |         .         |
[   19.568479] cloud-init[702]: ci-info: |   lo   | True |           ::1/128           |       .       |  host  |         .         |
[   19.573338] cloud-init[702]: ci-info: +--------+------+-----------------------------+---------------+--------+-------------------+
[   19.578177] cloud-init[702]: ci-info: +++++++++++++++++++++++++++++Route IPv4 info+++++++++++++++++++++++++++++
[   19.581837] cloud-init[702]: ci-info: +-------+--------------+----------+-----------------+-----------+-------+
[   19.590171] cloud-init[702]: ci-info: | Route | Destination  | Gateway  |     Genmask     | Interface | Flags |
[   19.594490] cloud-init[702]: ci-info: +-------+--------------+----------+-----------------+-----------+-------+
[   19.598133] cloud-init[702]: ci-info: |   0   |   0.0.0.0    | 10.0.2.2 |     0.0.0.0     |   enp0s3  |   UG  |
[   19.602391] cloud-init[702]: ci-info: |   1   |   10.0.2.0   | 0.0.0.0  |  255.255.255.0  |   enp0s3  |   U   |
[   19.606046] cloud-init[702]: ci-info: |   2   |   10.0.2.2   | 0.0.0.0  | 255.255.255.255 |   enp0s3  |   UH  |
[   19.610213] cloud-init[702]: ci-info: |   3   | 192.168.56.0 | 0.0.0.0  |  255.255.255.0  |   enp0s8  |   U   |
[   19.614413] cloud-init[702]: ci-info: +-------+--------------+----------+-----------------+-----------+-------+
[   19.618455] cloud-init[702]: ci-info: +++++++++++++++++++Route IPv6 info+++++++++++++++++++
[   19.622031] cloud-init[702]: ci-info: +-------+-------------+---------+-----------+-------+
[   19.625543] cloud-init[702]: ci-info: | Route | Destination | Gateway | Interface | Flags |
[   19.629452] cloud-init[702]: ci-info: +-------+-------------+---------+-----------+-------+
[   19.633102] cloud-init[702]: ci-info: |   1   |  fe80::/64  |    ::   |   enp0s8  |   U   |
[   19.636418] cloud-init[702]: ci-info: |   2   |  fe80::/64  |    ::   |   enp0s3  |   U   |
[   19.639735] cloud-init[702]: ci-info: |   4   |    local    |    ::   |   enp0s3  |   U   |
[   19.643441] cloud-init[702]: ci-info: |   5   |    local    |    ::   |   enp0s8  |   U   |
[   19.647229] cloud-init[702]: ci-info: |   6   |   ff00::/8  |    ::   |   enp0s8  |   U   |
[   19.650875] cloud-init[702]: ci-info: |   7   |   ff00::/8  |    ::   |   enp0s3  |   U   |
[   19.654295] cloud-init[702]: ci-info: +-------+-------------+---------+-----------+-------+
[[0;32m  OK  [0m] Started Initial cloud-init job (metadata service crawler).
[[0;32m  OK  [0m] Reached target Cloud-config availability.
[[0;32m  OK  [0m] Reached target System Initialization.
         Starting Docker Socket for the API.
[[0;32m  OK  [0m] Started Message of the Day.
[[0;32m  OK  [0m] Listening on ACPID Listen Socket.
[[0;32m  OK  [0m] Listening on D-Bus System Message Bus Socket.
[[0;32m  OK  [0m] Listening on UUID daemon activation socket.
[[0;32m  OK  [0m] Started Daily apt download activities.
[[0;32m  OK  [0m] Started Daily apt upgrade and clean activities.
         Starting LXD - unix socket.
[[0;32m  OK  [0m] Started Daily Cleanup of Temporary Directories.
[[0;32m  OK  [0m] Started ACPI Events Check.
[[0;32m  OK  [0m] Listening on cloud-init hotplug hook socket.
[[0;32m  OK  [0m] Reached target Paths.
[[0;32m  OK  [0m] Started Ubuntu Advantage Timer for running repeated jobs.
[[0;32m  OK  [0m] Listening on Open-iSCSI iscsid Socket.
[[0;32m  OK  [0m] Started Discard unused blocks once a week.
[[0;32m  OK  [0m] Reached target Timers.
         Starting Socket activation for snappy daemon.
[[0;32m  OK  [0m] Reached target Network is Online.
[[0;32m  OK  [0m] Reached target Remote File Systems (Pre).
         Starting Availability of block devices...
         Mounting /vagrant...
[[0;32m  OK  [0m] Listening on Docker Socket for the API.
[[0;32m  OK  [0m] Listening on LXD - unix socket.
[[0;32m  OK  [0m] Listening on Socket activation for snappy daemon.
[[0;32m  OK  [0m] Started Availability of block devices.
[[0;32m  OK  [0m] Reached target Sockets.
[[0;32m  OK  [0m] Reached target Basic System.
         Starting Virtualbox guest utils...
         Starting Login Service...
         Starting System Logging Service...
         Starting containerd container runtime...
[[0;32m  OK  [0m] Started Deferred execution scheduler.
         Starting Accounts Service...
[[0;32m  OK  [0m] Reached target Login Prompts (Pre).
         Starting OpenBSD Secure Shell server...
         Starting LXD - container startup/shutdown...
         Starting Ubuntu FAN network setup...
[[0;32m  OK  [0m] Started FUSE filesystem for LXC.
         Starting LSB: Record successful boot for GRUB...
         Starting Dispatcher daemon for systemd-networkd...
[[0;32m  OK  [0m] Started irqbalance daemon.
[[0;32m  OK  [0m] Started D-Bus System Message Bus.
[[0;32m  OK  [0m] Started Login Service.
[[0;32m  OK  [0m] Started Unattended Upgrades Shutdown.
[[0;32m  OK  [0m] Started Regular background program processing daemon.
         Starting Snap Daemon...
[[0;32m  OK  [0m] Started System Logging Service.
[[0;32m  OK  [0m] Started Dispatcher daemon for systemd-networkd.
[[0;32m  OK  [0m] Mounted /vagrant.
[[0;32m  OK  [0m] Started Ubuntu FAN network setup.
[[0;32m  OK  [0m] Reached target Remote File Systems.
         Starting Permit User Sessions...
         Starting LSB: automatic crash report generation...
[[0;32m  OK  [0m] Started OpenBSD Secure Shell server.
[[0;32m  OK  [0m] Started Permit User Sessions.
         Starting Hold until boot process finishes up...
         Starting Terminate Plymouth Boot Screen...
         Starting Authorization Manager...
[[0;32m  OK  [0m] Started Hold until boot process finishes up.
         Starting Set console scheme...
[[0;32m  OK  [0m] Started Serial Getty on ttyS0.
[[0;32m  OK  [0m] Started Terminate Plymouth Boot Screen.
[[0;32m  OK  [0m] Started Set console scheme.
[[0;32m  OK  [0m] Created slice system-getty.slice.
[[0;32m  OK  [0m] Started Getty on tty1.
[[0;32m  OK  [0m] Reached target Login Prompts.
[[0;32m  OK  [0m] Started LSB: Record successful boot for GRUB.
[[0;32m  OK  [0m] Started Authorization Manager.
[[0;32m  OK  [0m] Started Accounts Service.
[[0;32m  OK  [0m] Started LSB: automatic crash report generation.
[[0;32m  OK  [0m] Started Virtualbox guest utils.
[[0;32m  OK  [0m] Started LXD - container startup/shutdown.
[[0;32m  OK  [0m] Started containerd container runtime.
         Starting Docker Application Container Engine...
[[0;32m  OK  [0m] Started Snap Daemon.
         Starting Wait until snapd is fully seeded...
         Starting Time & Date Service...
[[0;32m  OK  [0m] Started Time & Date Service.
[[0;32m  OK  [0m] Started Wait until snapd is fully seeded.
         Starting Apply the settings specified in cloud-config...
[   26.455724] cloud-init[1589]: Cloud-init v. 23.1.2-0ubuntu0~18.04.1 running 'modules:config' at Mon, 01 Jan 2024 15:33:45 +0000. Up 26.35 seconds.
[[0;32m  OK  [0m] Started Apply the settings specified in cloud-config.

Ubuntu 18.04.6 LTS ubuntu22 ttyS0

ubuntu22 login: [   46.964052] cloud-init[1966]: Cloud-init v. 23.1.2-0ubuntu0~18.04.1 running 'modules:final' at Mon, 01 Jan 2024 15:34:06 +0000. Up 46.74 seconds.
[   46.978692] cloud-init[1966]: Cloud-init v. 23.1.2-0ubuntu0~18.04.1 finished at Mon, 01 Jan 2024 15:34:06 +0000. Datasource DataSourceNoCloud [seed=/dev/sdb][dsmode=net].  Up 46.94 seconds
